<?xml version="1.0" encoding="UTF-8"?>
<!-- Generated by org.testng.reporters.JUnitReportReporter -->
<testsuite hostname="DESKTOP-M5BRBN2" failures="0" tests="1405" name="fetchPackage.ClassToFetchDetails" time="188.201" errors="0" timestamp="2023-11-21T15:17:48 IST" skipped="0">
  <testcase classname="fetchPackage.ClassToFetchDetails" name="fetchingPaymentDetails" time="0.090"/>
  <system-out/>
  <testcase classname="fetchPackage.ClassToFetchDetails" name="fetchingPaymentDetails" time="0.104"/>
  <system-out/>
  <testcase classname="fetchPackage.ClassToFetchDetails" name="fetchingPaymentDetails" time="0.160"/>
  <system-out/>
  <testcase classname="fetchPackage.ClassToFetchDetails" name="fetchingPaymentDetails" time="0.159"/>
  <system-out/>
  <testcase classname="fetchPackage.ClassToFetchDetails" name="fetchingPaymentDetails" time="0.135"/>
  <system-out/>
  <testcase classname="fetchPackage.ClassToFetchDetails" name="fetchingPaymentDetails" time="0.113"/>
  <system-out/>
  <testcase classname="fetchPackage.ClassToFetchDetails" name="fetchingPaymentDetails" time="0.111"/>
  <system-out/>
  <testcase classname="fetchPackage.ClassToFetchDetails" name="fetchingPaymentDetails" time="0.109"/>
  <system-out/>
  <testcase classname="fetchPackage.ClassToFetchDetails" name="fetchingPaymentDetails" time="0.183"/>
  <system-out/>
  <testcase classname="fetchPackage.ClassToFetchDetails" name="fetchingPaymentDetails" time="0.131"/>
  <system-out/>
  <testcase classname="fetchPackage.ClassToFetchDetails" name="fetchingPaymentDetails" time="0.116"/>
  <system-out/>
  <testcase classname="fetchPackage.ClassToFetchDetails" name="fetchingPaymentDetails" time="0.147"/>
  <system-out/>
  <testcase classname="fetchPackage.ClassToFetchDetails" name="fetchingPaymentDetails" time="0.109"/>
  <system-out/>
  <testcase classname="fetchPackage.ClassToFetchDetails" name="fetchingPaymentDetails" time="0.159"/>
  <system-out/>
  <testcase classname="fetchPackage.ClassToFetchDetails" name="fetchingPaymentDetails" time="0.128"/>
  <system-out/>
  <testcase classname="fetchPackage.ClassToFetchDetails" name="fetchingPaymentDetails" time="0.139"/>
  <system-out/>
  <testcase classname="fetchPackage.ClassToFetchDetails" name="fetchingPaymentDetails" time="0.157"/>
  <system-out/>
  <testcase classname="fetchPackage.ClassToFetchDetails" name="fetchingPaymentDetails" time="0.109"/>
  <system-out/>
  <testcase classname="fetchPackage.ClassToFetchDetails" name="fetchingPaymentDetails" time="0.152"/>
  <system-out/>
  <testcase classname="fetchPackage.ClassToFetchDetails" name="fetchingPaymentDetails" time="0.095"/>
  <system-out/>
  <testcase classname="fetchPackage.ClassToFetchDetails" name="fetchingPaymentDetails" time="0.261"/>
  <system-out/>
  <testcase classname="fetchPackage.ClassToFetchDetails" name="fetchingPaymentDetails" time="0.148"/>
  <system-out/>
  <testcase classname="fetchPackage.ClassToFetchDetails" name="fetchingPaymentDetails" time="0.201"/>
  <system-out/>
  <testcase classname="fetchPackage.ClassToFetchDetails" name="fetchingPaymentDetails" time="0.102"/>
  <system-out/>
  <testcase classname="fetchPackage.ClassToFetchDetails" name="fetchingPaymentDetails" time="0.098"/>
  <system-out/>
  <testcase classname="fetchPackage.ClassToFetchDetails" name="fetchingPaymentDetails" time="0.117"/>
  <system-out/>
  <testcase classname="fetchPackage.ClassToFetchDetails" name="fetchingPaymentDetails" time="0.463"/>
  <system-out/>
  <testcase classname="fetchPackage.ClassToFetchDetails" name="fetchingPaymentDetails" time="0.108"/>
  <system-out/>
  <testcase classname="fetchPackage.ClassToFetchDetails" name="fetchingPaymentDetails" time="0.089"/>
  <system-out/>
  <testcase classname="fetchPackage.ClassToFetchDetails" name="fetchingPaymentDetails" time="0.153"/>
  <system-out/>
  <testcase classname="fetchPackage.ClassToFetchDetails" name="fetchingPaymentDetails" time="0.105"/>
  <system-out/>
  <testcase classname="fetchPackage.ClassToFetchDetails" name="fetchingPaymentDetails" time="0.129"/>
  <system-out/>
  <testcase classname="fetchPackage.ClassToFetchDetails" name="fetchingPaymentDetails" time="0.173"/>
  <system-out/>
  <testcase classname="fetchPackage.ClassToFetchDetails" name="fetchingPaymentDetails" time="0.123"/>
  <system-out/>
  <testcase classname="fetchPackage.ClassToFetchDetails" name="fetchingPaymentDetails" time="0.128"/>
  <system-out/>
  <testcase classname="fetchPackage.ClassToFetchDetails" name="fetchingPaymentDetails" time="0.144"/>
  <system-out/>
  <testcase classname="fetchPackage.ClassToFetchDetails" name="fetchingPaymentDetails" time="0.176"/>
  <system-out/>
  <testcase classname="fetchPackage.ClassToFetchDetails" name="fetchingPaymentDetails" time="0.140"/>
  <system-out/>
  <testcase classname="fetchPackage.ClassToFetchDetails" name="fetchingPaymentDetails" time="0.114"/>
  <system-out/>
  <testcase classname="fetchPackage.ClassToFetchDetails" name="fetchingPaymentDetails" time="0.134"/>
  <system-out/>
  <testcase classname="fetchPackage.ClassToFetchDetails" name="fetchingPaymentDetails" time="0.127"/>
  <system-out/>
  <testcase classname="fetchPackage.ClassToFetchDetails" name="fetchingPaymentDetails" time="0.102"/>
  <system-out/>
  <testcase classname="fetchPackage.ClassToFetchDetails" name="fetchingPaymentDetails" time="0.117"/>
  <system-out/>
  <testcase classname="fetchPackage.ClassToFetchDetails" name="fetchingPaymentDetails" time="0.169"/>
  <system-out/>
  <testcase classname="fetchPackage.ClassToFetchDetails" name="fetchingPaymentDetails" time="0.212"/>
  <system-out/>
  <testcase classname="fetchPackage.ClassToFetchDetails" name="fetchingPaymentDetails" time="0.118"/>
  <system-out/>
  <testcase classname="fetchPackage.ClassToFetchDetails" name="fetchingPaymentDetails" time="0.151"/>
  <system-out/>
  <testcase classname="fetchPackage.ClassToFetchDetails" name="fetchingPaymentDetails" time="0.096"/>
  <system-out/>
  <testcase classname="fetchPackage.ClassToFetchDetails" name="fetchingPaymentDetails" time="0.139"/>
  <system-out/>
  <testcase classname="fetchPackage.ClassToFetchDetails" name="fetchingPaymentDetails" time="0.119"/>
  <system-out/>
  <testcase classname="fetchPackage.ClassToFetchDetails" name="fetchingPaymentDetails" time="0.117"/>
  <system-out/>
  <testcase classname="fetchPackage.ClassToFetchDetails" name="fetchingPaymentDetails" time="0.110"/>
  <system-out/>
  <testcase classname="fetchPackage.ClassToFetchDetails" name="fetchingPaymentDetails" time="0.085"/>
  <system-out/>
  <testcase classname="fetchPackage.ClassToFetchDetails" name="fetchingPaymentDetails" time="0.138"/>
  <system-out/>
  <testcase classname="fetchPackage.ClassToFetchDetails" name="fetchingPaymentDetails" time="0.122"/>
  <system-out/>
  <testcase classname="fetchPackage.ClassToFetchDetails" name="fetchingPaymentDetails" time="0.126"/>
  <system-out/>
  <testcase classname="fetchPackage.ClassToFetchDetails" name="fetchingPaymentDetails" time="0.114"/>
  <system-out/>
  <testcase classname="fetchPackage.ClassToFetchDetails" name="fetchingPaymentDetails" time="0.107"/>
  <system-out/>
  <testcase classname="fetchPackage.ClassToFetchDetails" name="fetchingPaymentDetails" time="0.159"/>
  <system-out/>
  <testcase classname="fetchPackage.ClassToFetchDetails" name="fetchingPaymentDetails" time="0.097"/>
  <system-out/>
  <testcase classname="fetchPackage.ClassToFetchDetails" name="fetchingPaymentDetails" time="0.105"/>
  <system-out/>
  <testcase classname="fetchPackage.ClassToFetchDetails" name="fetchingPaymentDetails" time="0.121"/>
  <system-out/>
  <testcase classname="fetchPackage.ClassToFetchDetails" name="fetchingPaymentDetails" time="0.127"/>
  <system-out/>
  <testcase classname="fetchPackage.ClassToFetchDetails" name="fetchingPaymentDetails" time="0.094"/>
  <system-out/>
  <testcase classname="fetchPackage.ClassToFetchDetails" name="fetchingPaymentDetails" time="0.107"/>
  <system-out/>
  <testcase classname="fetchPackage.ClassToFetchDetails" name="fetchingPaymentDetails" time="0.103"/>
  <system-out/>
  <testcase classname="fetchPackage.ClassToFetchDetails" name="fetchingPaymentDetails" time="0.095"/>
  <system-out/>
  <testcase classname="fetchPackage.ClassToFetchDetails" name="fetchingPaymentDetails" time="0.126"/>
  <system-out/>
  <testcase classname="fetchPackage.ClassToFetchDetails" name="fetchingPaymentDetails" time="0.149"/>
  <system-out/>
  <testcase classname="fetchPackage.ClassToFetchDetails" name="fetchingPaymentDetails" time="0.125"/>
  <system-out/>
  <testcase classname="fetchPackage.ClassToFetchDetails" name="fetchingPaymentDetails" time="0.112"/>
  <system-out/>
  <testcase classname="fetchPackage.ClassToFetchDetails" name="fetchingPaymentDetails" time="0.118"/>
  <system-out/>
  <testcase classname="fetchPackage.ClassToFetchDetails" name="fetchingPaymentDetails" time="0.146"/>
  <system-out/>
  <testcase classname="fetchPackage.ClassToFetchDetails" name="fetchingPaymentDetails" time="0.120"/>
  <system-out/>
  <testcase classname="fetchPackage.ClassToFetchDetails" name="fetchingPaymentDetails" time="0.204"/>
  <system-out/>
  <testcase classname="fetchPackage.ClassToFetchDetails" name="fetchingPaymentDetails" time="0.104"/>
  <system-out/>
  <testcase classname="fetchPackage.ClassToFetchDetails" name="fetchingPaymentDetails" time="0.199"/>
  <system-out/>
  <testcase classname="fetchPackage.ClassToFetchDetails" name="fetchingPaymentDetails" time="0.115"/>
  <system-out/>
  <testcase classname="fetchPackage.ClassToFetchDetails" name="fetchingPaymentDetails" time="0.228"/>
  <system-out/>
  <testcase classname="fetchPackage.ClassToFetchDetails" name="fetchingPaymentDetails" time="0.126"/>
  <system-out/>
  <testcase classname="fetchPackage.ClassToFetchDetails" name="fetchingPaymentDetails" time="0.103"/>
  <system-out/>
  <testcase classname="fetchPackage.ClassToFetchDetails" name="fetchingPaymentDetails" time="0.163"/>
  <system-out/>
  <testcase classname="fetchPackage.ClassToFetchDetails" name="fetchingPaymentDetails" time="0.103"/>
  <system-out/>
  <testcase classname="fetchPackage.ClassToFetchDetails" name="fetchingPaymentDetails" time="0.113"/>
  <system-out/>
  <testcase classname="fetchPackage.ClassToFetchDetails" name="fetchingPaymentDetails" time="0.121"/>
  <system-out/>
  <testcase classname="fetchPackage.ClassToFetchDetails" name="fetchingPaymentDetails" time="0.118"/>
  <system-out/>
  <testcase classname="fetchPackage.ClassToFetchDetails" name="fetchingPaymentDetails" time="0.120"/>
  <system-out/>
  <testcase classname="fetchPackage.ClassToFetchDetails" name="fetchingPaymentDetails" time="0.101"/>
  <system-out/>
  <testcase classname="fetchPackage.ClassToFetchDetails" name="fetchingPaymentDetails" time="0.093"/>
  <system-out/>
  <testcase classname="fetchPackage.ClassToFetchDetails" name="fetchingPaymentDetails" time="0.137"/>
  <system-out/>
  <testcase classname="fetchPackage.ClassToFetchDetails" name="fetchingPaymentDetails" time="0.113"/>
  <system-out/>
  <testcase classname="fetchPackage.ClassToFetchDetails" name="fetchingPaymentDetails" time="0.139"/>
  <system-out/>
  <testcase classname="fetchPackage.ClassToFetchDetails" name="fetchingPaymentDetails" time="0.129"/>
  <system-out/>
  <testcase classname="fetchPackage.ClassToFetchDetails" name="fetchingPaymentDetails" time="0.148"/>
  <system-out/>
  <testcase classname="fetchPackage.ClassToFetchDetails" name="fetchingPaymentDetails" time="0.144"/>
  <system-out/>
  <testcase classname="fetchPackage.ClassToFetchDetails" name="fetchingPaymentDetails" time="0.132"/>
  <system-out/>
  <testcase classname="fetchPackage.ClassToFetchDetails" name="fetchingPaymentDetails" time="0.091"/>
  <system-out/>
  <testcase classname="fetchPackage.ClassToFetchDetails" name="fetchingPaymentDetails" time="0.115"/>
  <system-out/>
  <testcase classname="fetchPackage.ClassToFetchDetails" name="fetchingPaymentDetails" time="0.166"/>
  <system-out/>
  <testcase classname="fetchPackage.ClassToFetchDetails" name="fetchingPaymentDetails" time="0.101"/>
  <system-out/>
  <testcase classname="fetchPackage.ClassToFetchDetails" name="fetchingPaymentDetails" time="0.303"/>
  <system-out/>
  <testcase classname="fetchPackage.ClassToFetchDetails" name="fetchingPaymentDetails" time="0.096"/>
  <system-out/>
  <testcase classname="fetchPackage.ClassToFetchDetails" name="fetchingPaymentDetails" time="0.194"/>
  <system-out/>
  <testcase classname="fetchPackage.ClassToFetchDetails" name="fetchingPaymentDetails" time="0.128"/>
  <system-out/>
  <testcase classname="fetchPackage.ClassToFetchDetails" name="fetchingPaymentDetails" time="0.124"/>
  <system-out/>
  <testcase classname="fetchPackage.ClassToFetchDetails" name="fetchingPaymentDetails" time="0.117"/>
  <system-out/>
  <testcase classname="fetchPackage.ClassToFetchDetails" name="fetchingPaymentDetails" time="0.157"/>
  <system-out/>
  <testcase classname="fetchPackage.ClassToFetchDetails" name="fetchingPaymentDetails" time="0.178"/>
  <system-out/>
  <testcase classname="fetchPackage.ClassToFetchDetails" name="fetchingPaymentDetails" time="0.152"/>
  <system-out/>
  <testcase classname="fetchPackage.ClassToFetchDetails" name="fetchingPaymentDetails" time="0.216"/>
  <system-out/>
  <testcase classname="fetchPackage.ClassToFetchDetails" name="fetchingPaymentDetails" time="0.163"/>
  <system-out/>
  <testcase classname="fetchPackage.ClassToFetchDetails" name="fetchingPaymentDetails" time="0.156"/>
  <system-out/>
  <testcase classname="fetchPackage.ClassToFetchDetails" name="fetchingPaymentDetails" time="0.101"/>
  <system-out/>
  <testcase classname="fetchPackage.ClassToFetchDetails" name="fetchingPaymentDetails" time="0.091"/>
  <system-out/>
  <testcase classname="fetchPackage.ClassToFetchDetails" name="fetchingPaymentDetails" time="0.119"/>
  <system-out/>
  <testcase classname="fetchPackage.ClassToFetchDetails" name="fetchingPaymentDetails" time="0.169"/>
  <system-out/>
  <testcase classname="fetchPackage.ClassToFetchDetails" name="fetchingPaymentDetails" time="0.159"/>
  <system-out/>
  <testcase classname="fetchPackage.ClassToFetchDetails" name="fetchingPaymentDetails" time="0.177"/>
  <system-out/>
  <testcase classname="fetchPackage.ClassToFetchDetails" name="fetchingPaymentDetails" time="0.185"/>
  <system-out/>
  <testcase classname="fetchPackage.ClassToFetchDetails" name="fetchingPaymentDetails" time="0.137"/>
  <system-out/>
  <testcase classname="fetchPackage.ClassToFetchDetails" name="fetchingPaymentDetails" time="0.179"/>
  <system-out/>
  <testcase classname="fetchPackage.ClassToFetchDetails" name="fetchingPaymentDetails" time="0.141"/>
  <system-out/>
  <testcase classname="fetchPackage.ClassToFetchDetails" name="fetchingPaymentDetails" time="0.141"/>
  <system-out/>
  <testcase classname="fetchPackage.ClassToFetchDetails" name="fetchingPaymentDetails" time="0.174"/>
  <system-out/>
  <testcase classname="fetchPackage.ClassToFetchDetails" name="fetchingPaymentDetails" time="0.175"/>
  <system-out/>
  <testcase classname="fetchPackage.ClassToFetchDetails" name="fetchingPaymentDetails" time="0.148"/>
  <system-out/>
  <testcase classname="fetchPackage.ClassToFetchDetails" name="fetchingPaymentDetails" time="0.137"/>
  <system-out/>
  <testcase classname="fetchPackage.ClassToFetchDetails" name="fetchingPaymentDetails" time="0.100"/>
  <system-out/>
  <testcase classname="fetchPackage.ClassToFetchDetails" name="fetchingPaymentDetails" time="0.106"/>
  <system-out/>
  <testcase classname="fetchPackage.ClassToFetchDetails" name="fetchingPaymentDetails" time="0.163"/>
  <system-out/>
  <testcase classname="fetchPackage.ClassToFetchDetails" name="fetchingPaymentDetails" time="0.097"/>
  <system-out/>
  <testcase classname="fetchPackage.ClassToFetchDetails" name="fetchingPaymentDetails" time="0.137"/>
  <system-out/>
  <testcase classname="fetchPackage.ClassToFetchDetails" name="fetchingPaymentDetails" time="0.092"/>
  <system-out/>
  <testcase classname="fetchPackage.ClassToFetchDetails" name="fetchingPaymentDetails" time="0.092"/>
  <system-out/>
  <testcase classname="fetchPackage.ClassToFetchDetails" name="fetchingPaymentDetails" time="0.095"/>
  <system-out/>
  <testcase classname="fetchPackage.ClassToFetchDetails" name="fetchingPaymentDetails" time="0.160"/>
  <system-out/>
  <testcase classname="fetchPackage.ClassToFetchDetails" name="fetchingPaymentDetails" time="0.108"/>
  <system-out/>
  <testcase classname="fetchPackage.ClassToFetchDetails" name="fetchingPaymentDetails" time="0.099"/>
  <system-out/>
  <testcase classname="fetchPackage.ClassToFetchDetails" name="fetchingPaymentDetails" time="0.099"/>
  <system-out/>
  <testcase classname="fetchPackage.ClassToFetchDetails" name="fetchingPaymentDetails" time="0.112"/>
  <system-out/>
  <testcase classname="fetchPackage.ClassToFetchDetails" name="fetchingPaymentDetails" time="0.100"/>
  <system-out/>
  <testcase classname="fetchPackage.ClassToFetchDetails" name="fetchingPaymentDetails" time="0.096"/>
  <system-out/>
  <testcase classname="fetchPackage.ClassToFetchDetails" name="fetchingPaymentDetails" time="0.155"/>
  <system-out/>
  <testcase classname="fetchPackage.ClassToFetchDetails" name="fetchingPaymentDetails" time="0.111"/>
  <system-out/>
  <testcase classname="fetchPackage.ClassToFetchDetails" name="fetchingPaymentDetails" time="0.181"/>
  <system-out/>
  <testcase classname="fetchPackage.ClassToFetchDetails" name="fetchingPaymentDetails" time="0.124"/>
  <system-out/>
  <testcase classname="fetchPackage.ClassToFetchDetails" name="fetchingPaymentDetails" time="0.122"/>
  <system-out/>
  <testcase classname="fetchPackage.ClassToFetchDetails" name="fetchingPaymentDetails" time="0.120"/>
  <system-out/>
  <testcase classname="fetchPackage.ClassToFetchDetails" name="fetchingPaymentDetails" time="0.113"/>
  <system-out/>
  <testcase classname="fetchPackage.ClassToFetchDetails" name="fetchingPaymentDetails" time="0.187"/>
  <system-out/>
  <testcase classname="fetchPackage.ClassToFetchDetails" name="fetchingPaymentDetails" time="0.120"/>
  <system-out/>
  <testcase classname="fetchPackage.ClassToFetchDetails" name="fetchingPaymentDetails" time="0.092"/>
  <system-out/>
  <testcase classname="fetchPackage.ClassToFetchDetails" name="fetchingPaymentDetails" time="0.124"/>
  <system-out/>
  <testcase classname="fetchPackage.ClassToFetchDetails" name="fetchingPaymentDetails" time="0.128"/>
  <system-out/>
  <testcase classname="fetchPackage.ClassToFetchDetails" name="fetchingPaymentDetails" time="0.120"/>
  <system-out/>
  <testcase classname="fetchPackage.ClassToFetchDetails" name="fetchingPaymentDetails" time="0.096"/>
  <system-out/>
  <testcase classname="fetchPackage.ClassToFetchDetails" name="fetchingPaymentDetails" time="0.159"/>
  <system-out/>
  <testcase classname="fetchPackage.ClassToFetchDetails" name="fetchingPaymentDetails" time="0.101"/>
  <system-out/>
  <testcase classname="fetchPackage.ClassToFetchDetails" name="fetchingPaymentDetails" time="0.110"/>
  <system-out/>
  <testcase classname="fetchPackage.ClassToFetchDetails" name="fetchingPaymentDetails" time="0.094"/>
  <system-out/>
  <testcase classname="fetchPackage.ClassToFetchDetails" name="fetchingPaymentDetails" time="0.135"/>
  <system-out/>
  <testcase classname="fetchPackage.ClassToFetchDetails" name="fetchingPaymentDetails" time="0.186"/>
  <system-out/>
  <testcase classname="fetchPackage.ClassToFetchDetails" name="fetchingPaymentDetails" time="0.147"/>
  <system-out/>
  <testcase classname="fetchPackage.ClassToFetchDetails" name="fetchingPaymentDetails" time="0.117"/>
  <system-out/>
  <testcase classname="fetchPackage.ClassToFetchDetails" name="fetchingPaymentDetails" time="0.176"/>
  <system-out/>
  <testcase classname="fetchPackage.ClassToFetchDetails" name="fetchingPaymentDetails" time="0.094"/>
  <system-out/>
  <testcase classname="fetchPackage.ClassToFetchDetails" name="fetchingPaymentDetails" time="0.174"/>
  <system-out/>
  <testcase classname="fetchPackage.ClassToFetchDetails" name="fetchingPaymentDetails" time="0.092"/>
  <system-out/>
  <testcase classname="fetchPackage.ClassToFetchDetails" name="fetchingPaymentDetails" time="0.455"/>
  <system-out/>
  <testcase classname="fetchPackage.ClassToFetchDetails" name="fetchingPaymentDetails" time="0.127"/>
  <system-out/>
  <testcase classname="fetchPackage.ClassToFetchDetails" name="fetchingPaymentDetails" time="0.125"/>
  <system-out/>
  <testcase classname="fetchPackage.ClassToFetchDetails" name="fetchingPaymentDetails" time="0.157"/>
  <system-out/>
  <testcase classname="fetchPackage.ClassToFetchDetails" name="fetchingPaymentDetails" time="0.113"/>
  <system-out/>
  <testcase classname="fetchPackage.ClassToFetchDetails" name="fetchingPaymentDetails" time="0.106"/>
  <system-out/>
  <testcase classname="fetchPackage.ClassToFetchDetails" name="fetchingPaymentDetails" time="0.199"/>
  <system-out/>
  <testcase classname="fetchPackage.ClassToFetchDetails" name="fetchingPaymentDetails" time="0.117"/>
  <system-out/>
  <testcase classname="fetchPackage.ClassToFetchDetails" name="fetchingPaymentDetails" time="0.146"/>
  <system-out/>
  <testcase classname="fetchPackage.ClassToFetchDetails" name="fetchingPaymentDetails" time="0.111"/>
  <system-out/>
  <testcase classname="fetchPackage.ClassToFetchDetails" name="fetchingPaymentDetails" time="0.227"/>
  <system-out/>
  <testcase classname="fetchPackage.ClassToFetchDetails" name="fetchingPaymentDetails" time="0.137"/>
  <system-out/>
  <testcase classname="fetchPackage.ClassToFetchDetails" name="fetchingPaymentDetails" time="0.112"/>
  <system-out/>
  <testcase classname="fetchPackage.ClassToFetchDetails" name="fetchingPaymentDetails" time="0.097"/>
  <system-out/>
  <testcase classname="fetchPackage.ClassToFetchDetails" name="fetchingPaymentDetails" time="0.236"/>
  <system-out/>
  <testcase classname="fetchPackage.ClassToFetchDetails" name="fetchingPaymentDetails" time="0.097"/>
  <system-out/>
  <testcase classname="fetchPackage.ClassToFetchDetails" name="fetchingPaymentDetails" time="0.140"/>
  <system-out/>
  <testcase classname="fetchPackage.ClassToFetchDetails" name="fetchingPaymentDetails" time="0.192"/>
  <system-out/>
  <testcase classname="fetchPackage.ClassToFetchDetails" name="fetchingPaymentDetails" time="0.102"/>
  <system-out/>
  <testcase classname="fetchPackage.ClassToFetchDetails" name="fetchingPaymentDetails" time="0.136"/>
  <system-out/>
  <testcase classname="fetchPackage.ClassToFetchDetails" name="fetchingPaymentDetails" time="0.096"/>
  <system-out/>
  <testcase classname="fetchPackage.ClassToFetchDetails" name="fetchingPaymentDetails" time="0.142"/>
  <system-out/>
  <testcase classname="fetchPackage.ClassToFetchDetails" name="fetchingPaymentDetails" time="0.128"/>
  <system-out/>
  <testcase classname="fetchPackage.ClassToFetchDetails" name="fetchingPaymentDetails" time="0.146"/>
  <system-out/>
  <testcase classname="fetchPackage.ClassToFetchDetails" name="fetchingPaymentDetails" time="0.106"/>
  <system-out/>
  <testcase classname="fetchPackage.ClassToFetchDetails" name="fetchingPaymentDetails" time="0.107"/>
  <system-out/>
  <testcase classname="fetchPackage.ClassToFetchDetails" name="fetchingPaymentDetails" time="0.140"/>
  <system-out/>
  <testcase classname="fetchPackage.ClassToFetchDetails" name="fetchingPaymentDetails" time="0.198"/>
  <system-out/>
  <testcase classname="fetchPackage.ClassToFetchDetails" name="fetchingPaymentDetails" time="0.175"/>
  <system-out/>
  <testcase classname="fetchPackage.ClassToFetchDetails" name="fetchingPaymentDetails" time="0.100"/>
  <system-out/>
  <testcase classname="fetchPackage.ClassToFetchDetails" name="fetchingPaymentDetails" time="0.149"/>
  <system-out/>
  <testcase classname="fetchPackage.ClassToFetchDetails" name="fetchingPaymentDetails" time="0.124"/>
  <system-out/>
  <testcase classname="fetchPackage.ClassToFetchDetails" name="fetchingPaymentDetails" time="0.125"/>
  <system-out/>
  <testcase classname="fetchPackage.ClassToFetchDetails" name="fetchingPaymentDetails" time="0.153"/>
  <system-out/>
  <testcase classname="fetchPackage.ClassToFetchDetails" name="fetchingPaymentDetails" time="0.089"/>
  <system-out/>
  <testcase classname="fetchPackage.ClassToFetchDetails" name="fetchingPaymentDetails" time="0.165"/>
  <system-out/>
  <testcase classname="fetchPackage.ClassToFetchDetails" name="fetchingPaymentDetails" time="0.129"/>
  <system-out/>
  <testcase classname="fetchPackage.ClassToFetchDetails" name="fetchingPaymentDetails" time="0.133"/>
  <system-out/>
  <testcase classname="fetchPackage.ClassToFetchDetails" name="fetchingPaymentDetails" time="0.157"/>
  <system-out/>
  <testcase classname="fetchPackage.ClassToFetchDetails" name="fetchingPaymentDetails" time="0.219"/>
  <system-out/>
  <testcase classname="fetchPackage.ClassToFetchDetails" name="fetchingPaymentDetails" time="0.240"/>
  <system-out/>
  <testcase classname="fetchPackage.ClassToFetchDetails" name="fetchingPaymentDetails" time="0.132"/>
  <system-out/>
  <testcase classname="fetchPackage.ClassToFetchDetails" name="fetchingPaymentDetails" time="0.116"/>
  <system-out/>
  <testcase classname="fetchPackage.ClassToFetchDetails" name="fetchingPaymentDetails" time="0.128"/>
  <system-out/>
  <testcase classname="fetchPackage.ClassToFetchDetails" name="fetchingPaymentDetails" time="0.101"/>
  <system-out/>
  <testcase classname="fetchPackage.ClassToFetchDetails" name="fetchingPaymentDetails" time="0.126"/>
  <system-out/>
  <testcase classname="fetchPackage.ClassToFetchDetails" name="fetchingPaymentDetails" time="0.093"/>
  <system-out/>
  <testcase classname="fetchPackage.ClassToFetchDetails" name="fetchingPaymentDetails" time="0.172"/>
  <system-out/>
  <testcase classname="fetchPackage.ClassToFetchDetails" name="fetchingPaymentDetails" time="0.165"/>
  <system-out/>
  <testcase classname="fetchPackage.ClassToFetchDetails" name="fetchingPaymentDetails" time="0.109"/>
  <system-out/>
  <testcase classname="fetchPackage.ClassToFetchDetails" name="fetchingPaymentDetails" time="0.108"/>
  <system-out/>
  <testcase classname="fetchPackage.ClassToFetchDetails" name="fetchingPaymentDetails" time="0.096"/>
  <system-out/>
  <testcase classname="fetchPackage.ClassToFetchDetails" name="fetchingPaymentDetails" time="0.098"/>
  <system-out/>
  <testcase classname="fetchPackage.ClassToFetchDetails" name="fetchingPaymentDetails" time="0.221"/>
  <system-out/>
  <testcase classname="fetchPackage.ClassToFetchDetails" name="fetchingPaymentDetails" time="0.102"/>
  <system-out/>
  <testcase classname="fetchPackage.ClassToFetchDetails" name="fetchingPaymentDetails" time="0.104"/>
  <system-out/>
  <testcase classname="fetchPackage.ClassToFetchDetails" name="fetchingPaymentDetails" time="0.102"/>
  <system-out/>
  <testcase classname="fetchPackage.ClassToFetchDetails" name="fetchingPaymentDetails" time="0.106"/>
  <system-out/>
  <testcase classname="fetchPackage.ClassToFetchDetails" name="fetchingPaymentDetails" time="0.098"/>
  <system-out/>
  <testcase classname="fetchPackage.ClassToFetchDetails" name="fetchingPaymentDetails" time="0.093"/>
  <system-out/>
  <testcase classname="fetchPackage.ClassToFetchDetails" name="fetchingPaymentDetails" time="0.144"/>
  <system-out/>
  <testcase classname="fetchPackage.ClassToFetchDetails" name="fetchingPaymentDetails" time="0.153"/>
  <system-out/>
  <testcase classname="fetchPackage.ClassToFetchDetails" name="fetchingPaymentDetails" time="0.099"/>
  <system-out/>
  <testcase classname="fetchPackage.ClassToFetchDetails" name="fetchingPaymentDetails" time="0.155"/>
  <system-out/>
  <testcase classname="fetchPackage.ClassToFetchDetails" name="fetchingPaymentDetails" time="0.113"/>
  <system-out/>
  <testcase classname="fetchPackage.ClassToFetchDetails" name="fetchingPaymentDetails" time="0.115"/>
  <system-out/>
  <testcase classname="fetchPackage.ClassToFetchDetails" name="fetchingPaymentDetails" time="0.151"/>
  <system-out/>
  <testcase classname="fetchPackage.ClassToFetchDetails" name="fetchingPaymentDetails" time="0.109"/>
  <system-out/>
  <testcase classname="fetchPackage.ClassToFetchDetails" name="fetchingPaymentDetails" time="0.255"/>
  <system-out/>
  <testcase classname="fetchPackage.ClassToFetchDetails" name="fetchingPaymentDetails" time="0.104"/>
  <system-out/>
  <testcase classname="fetchPackage.ClassToFetchDetails" name="fetchingPaymentDetails" time="0.171"/>
  <system-out/>
  <testcase classname="fetchPackage.ClassToFetchDetails" name="fetchingPaymentDetails" time="0.180"/>
  <system-out/>
  <testcase classname="fetchPackage.ClassToFetchDetails" name="fetchingPaymentDetails" time="0.170"/>
  <system-out/>
  <testcase classname="fetchPackage.ClassToFetchDetails" name="fetchingPaymentDetails" time="0.104"/>
  <system-out/>
  <testcase classname="fetchPackage.ClassToFetchDetails" name="fetchingPaymentDetails" time="0.162"/>
  <system-out/>
  <testcase classname="fetchPackage.ClassToFetchDetails" name="fetchingPaymentDetails" time="0.116"/>
  <system-out/>
  <testcase classname="fetchPackage.ClassToFetchDetails" name="fetchingPaymentDetails" time="0.163"/>
  <system-out/>
  <testcase classname="fetchPackage.ClassToFetchDetails" name="fetchingPaymentDetails" time="0.143"/>
  <system-out/>
  <testcase classname="fetchPackage.ClassToFetchDetails" name="fetchingPaymentDetails" time="0.129"/>
  <system-out/>
  <testcase classname="fetchPackage.ClassToFetchDetails" name="fetchingPaymentDetails" time="0.143"/>
  <system-out/>
  <testcase classname="fetchPackage.ClassToFetchDetails" name="fetchingPaymentDetails" time="0.155"/>
  <system-out/>
  <testcase classname="fetchPackage.ClassToFetchDetails" name="fetchingPaymentDetails" time="0.124"/>
  <system-out/>
  <testcase classname="fetchPackage.ClassToFetchDetails" name="fetchingPaymentDetails" time="0.152"/>
  <system-out/>
  <testcase classname="fetchPackage.ClassToFetchDetails" name="fetchingPaymentDetails" time="0.105"/>
  <system-out/>
  <testcase classname="fetchPackage.ClassToFetchDetails" name="fetchingPaymentDetails" time="0.112"/>
  <system-out/>
  <testcase classname="fetchPackage.ClassToFetchDetails" name="fetchingPaymentDetails" time="2.609"/>
  <system-out/>
  <testcase classname="fetchPackage.ClassToFetchDetails" name="fetchingPaymentDetails" time="0.220"/>
  <system-out/>
  <testcase classname="fetchPackage.ClassToFetchDetails" name="fetchingPaymentDetails" time="0.108"/>
  <system-out/>
  <testcase classname="fetchPackage.ClassToFetchDetails" name="fetchingPaymentDetails" time="0.115"/>
  <system-out/>
  <testcase classname="fetchPackage.ClassToFetchDetails" name="fetchingPaymentDetails" time="0.113"/>
  <system-out/>
  <testcase classname="fetchPackage.ClassToFetchDetails" name="fetchingPaymentDetails" time="0.131"/>
  <system-out/>
  <testcase classname="fetchPackage.ClassToFetchDetails" name="fetchingPaymentDetails" time="0.090"/>
  <system-out/>
  <testcase classname="fetchPackage.ClassToFetchDetails" name="fetchingPaymentDetails" time="0.097"/>
  <system-out/>
  <testcase classname="fetchPackage.ClassToFetchDetails" name="fetchingPaymentDetails" time="0.104"/>
  <system-out/>
  <testcase classname="fetchPackage.ClassToFetchDetails" name="fetchingPaymentDetails" time="0.235"/>
  <system-out/>
  <testcase classname="fetchPackage.ClassToFetchDetails" name="fetchingPaymentDetails" time="0.128"/>
  <system-out/>
  <testcase classname="fetchPackage.ClassToFetchDetails" name="fetchingPaymentDetails" time="0.096"/>
  <system-out/>
  <testcase classname="fetchPackage.ClassToFetchDetails" name="fetchingPaymentDetails" time="0.103"/>
  <system-out/>
  <testcase classname="fetchPackage.ClassToFetchDetails" name="fetchingPaymentDetails" time="0.100"/>
  <system-out/>
  <testcase classname="fetchPackage.ClassToFetchDetails" name="fetchingPaymentDetails" time="0.116"/>
  <system-out/>
  <testcase classname="fetchPackage.ClassToFetchDetails" name="fetchingPaymentDetails" time="0.110"/>
  <system-out/>
  <testcase classname="fetchPackage.ClassToFetchDetails" name="fetchingPaymentDetails" time="0.131"/>
  <system-out/>
  <testcase classname="fetchPackage.ClassToFetchDetails" name="fetchingPaymentDetails" time="0.096"/>
  <system-out/>
  <testcase classname="fetchPackage.ClassToFetchDetails" name="fetchingPaymentDetails" time="0.110"/>
  <system-out/>
  <testcase classname="fetchPackage.ClassToFetchDetails" name="fetchingPaymentDetails" time="0.143"/>
  <system-out/>
  <testcase classname="fetchPackage.ClassToFetchDetails" name="fetchingPaymentDetails" time="0.127"/>
  <system-out/>
  <testcase classname="fetchPackage.ClassToFetchDetails" name="fetchingPaymentDetails" time="0.098"/>
  <system-out/>
  <testcase classname="fetchPackage.ClassToFetchDetails" name="fetchingPaymentDetails" time="0.143"/>
  <system-out/>
  <testcase classname="fetchPackage.ClassToFetchDetails" name="fetchingPaymentDetails" time="0.119"/>
  <system-out/>
  <testcase classname="fetchPackage.ClassToFetchDetails" name="fetchingPaymentDetails" time="0.121"/>
  <system-out/>
  <testcase classname="fetchPackage.ClassToFetchDetails" name="fetchingPaymentDetails" time="0.161"/>
  <system-out/>
  <testcase classname="fetchPackage.ClassToFetchDetails" name="fetchingPaymentDetails" time="0.120"/>
  <system-out/>
  <testcase classname="fetchPackage.ClassToFetchDetails" name="fetchingPaymentDetails" time="0.132"/>
  <system-out/>
  <testcase classname="fetchPackage.ClassToFetchDetails" name="fetchingPaymentDetails" time="0.099"/>
  <system-out/>
  <testcase classname="fetchPackage.ClassToFetchDetails" name="fetchingPaymentDetails" time="0.146"/>
  <system-out/>
  <testcase classname="fetchPackage.ClassToFetchDetails" name="fetchingPaymentDetails" time="0.107"/>
  <system-out/>
  <testcase classname="fetchPackage.ClassToFetchDetails" name="fetchingPaymentDetails" time="0.104"/>
  <system-out/>
  <testcase classname="fetchPackage.ClassToFetchDetails" name="fetchingPaymentDetails" time="0.097"/>
  <system-out/>
  <testcase classname="fetchPackage.ClassToFetchDetails" name="fetchingPaymentDetails" time="0.095"/>
  <system-out/>
  <testcase classname="fetchPackage.ClassToFetchDetails" name="fetchingPaymentDetails" time="0.098"/>
  <system-out/>
  <testcase classname="fetchPackage.ClassToFetchDetails" name="fetchingPaymentDetails" time="0.105"/>
  <system-out/>
  <testcase classname="fetchPackage.ClassToFetchDetails" name="fetchingPaymentDetails" time="0.173"/>
  <system-out/>
  <testcase classname="fetchPackage.ClassToFetchDetails" name="fetchingPaymentDetails" time="0.151"/>
  <system-out/>
  <testcase classname="fetchPackage.ClassToFetchDetails" name="fetchingPaymentDetails" time="0.114"/>
  <system-out/>
  <testcase classname="fetchPackage.ClassToFetchDetails" name="fetchingPaymentDetails" time="0.134"/>
  <system-out/>
  <testcase classname="fetchPackage.ClassToFetchDetails" name="fetchingPaymentDetails" time="0.128"/>
  <system-out/>
  <testcase classname="fetchPackage.ClassToFetchDetails" name="fetchingPaymentDetails" time="0.086"/>
  <system-out/>
  <testcase classname="fetchPackage.ClassToFetchDetails" name="fetchingPaymentDetails" time="0.105"/>
  <system-out/>
  <testcase classname="fetchPackage.ClassToFetchDetails" name="fetchingPaymentDetails" time="0.096"/>
  <system-out/>
  <testcase classname="fetchPackage.ClassToFetchDetails" name="fetchingPaymentDetails" time="0.141"/>
  <system-out/>
  <testcase classname="fetchPackage.ClassToFetchDetails" name="fetchingPaymentDetails" time="0.096"/>
  <system-out/>
  <testcase classname="fetchPackage.ClassToFetchDetails" name="fetchingPaymentDetails" time="0.113"/>
  <system-out/>
  <testcase classname="fetchPackage.ClassToFetchDetails" name="fetchingPaymentDetails" time="0.147"/>
  <system-out/>
  <testcase classname="fetchPackage.ClassToFetchDetails" name="fetchingPaymentDetails" time="0.121"/>
  <system-out/>
  <testcase classname="fetchPackage.ClassToFetchDetails" name="fetchingPaymentDetails" time="0.098"/>
  <system-out/>
  <testcase classname="fetchPackage.ClassToFetchDetails" name="fetchingPaymentDetails" time="0.163"/>
  <system-out/>
  <testcase classname="fetchPackage.ClassToFetchDetails" name="fetchingPaymentDetails" time="0.154"/>
  <system-out/>
  <testcase classname="fetchPackage.ClassToFetchDetails" name="fetchingPaymentDetails" time="0.090"/>
  <system-out/>
  <testcase classname="fetchPackage.ClassToFetchDetails" name="fetchingPaymentDetails" time="0.135"/>
  <system-out/>
  <testcase classname="fetchPackage.ClassToFetchDetails" name="fetchingPaymentDetails" time="0.127"/>
  <system-out/>
  <testcase classname="fetchPackage.ClassToFetchDetails" name="fetchingPaymentDetails" time="0.154"/>
  <system-out/>
  <testcase classname="fetchPackage.ClassToFetchDetails" name="fetchingPaymentDetails" time="0.110"/>
  <system-out/>
  <testcase classname="fetchPackage.ClassToFetchDetails" name="fetchingPaymentDetails" time="0.121"/>
  <system-out/>
  <testcase classname="fetchPackage.ClassToFetchDetails" name="fetchingPaymentDetails" time="0.090"/>
  <system-out/>
  <testcase classname="fetchPackage.ClassToFetchDetails" name="fetchingPaymentDetails" time="0.109"/>
  <system-out/>
  <testcase classname="fetchPackage.ClassToFetchDetails" name="fetchingPaymentDetails" time="0.123"/>
  <system-out/>
  <testcase classname="fetchPackage.ClassToFetchDetails" name="fetchingPaymentDetails" time="0.122"/>
  <system-out/>
  <testcase classname="fetchPackage.ClassToFetchDetails" name="fetchingPaymentDetails" time="0.119"/>
  <system-out/>
  <testcase classname="fetchPackage.ClassToFetchDetails" name="fetchingPaymentDetails" time="0.216"/>
  <system-out/>
  <testcase classname="fetchPackage.ClassToFetchDetails" name="fetchingPaymentDetails" time="0.168"/>
  <system-out/>
  <testcase classname="fetchPackage.ClassToFetchDetails" name="fetchingPaymentDetails" time="0.139"/>
  <system-out/>
  <testcase classname="fetchPackage.ClassToFetchDetails" name="fetchingPaymentDetails" time="0.277"/>
  <system-out/>
  <testcase classname="fetchPackage.ClassToFetchDetails" name="fetchingPaymentDetails" time="0.130"/>
  <system-out/>
  <testcase classname="fetchPackage.ClassToFetchDetails" name="fetchingPaymentDetails" time="0.115"/>
  <system-out/>
  <testcase classname="fetchPackage.ClassToFetchDetails" name="fetchingPaymentDetails" time="0.103"/>
  <system-out/>
  <testcase classname="fetchPackage.ClassToFetchDetails" name="fetchingPaymentDetails" time="0.096"/>
  <system-out/>
  <testcase classname="fetchPackage.ClassToFetchDetails" name="fetchingPaymentDetails" time="0.186"/>
  <system-out/>
  <testcase classname="fetchPackage.ClassToFetchDetails" name="fetchingPaymentDetails" time="0.113"/>
  <system-out/>
  <testcase classname="fetchPackage.ClassToFetchDetails" name="fetchingPaymentDetails" time="0.108"/>
  <system-out/>
  <testcase classname="fetchPackage.ClassToFetchDetails" name="fetchingPaymentDetails" time="0.160"/>
  <system-out/>
  <testcase classname="fetchPackage.ClassToFetchDetails" name="fetchingPaymentDetails" time="0.102"/>
  <system-out/>
  <testcase classname="fetchPackage.ClassToFetchDetails" name="fetchingPaymentDetails" time="0.160"/>
  <system-out/>
  <testcase classname="fetchPackage.ClassToFetchDetails" name="fetchingPaymentDetails" time="0.107"/>
  <system-out/>
  <testcase classname="fetchPackage.ClassToFetchDetails" name="fetchingPaymentDetails" time="0.134"/>
  <system-out/>
  <testcase classname="fetchPackage.ClassToFetchDetails" name="fetchingPaymentDetails" time="0.155"/>
  <system-out/>
  <testcase classname="fetchPackage.ClassToFetchDetails" name="fetchingPaymentDetails" time="0.181"/>
  <system-out/>
  <testcase classname="fetchPackage.ClassToFetchDetails" name="fetchingPaymentDetails" time="0.109"/>
  <system-out/>
  <testcase classname="fetchPackage.ClassToFetchDetails" name="fetchingPaymentDetails" time="0.117"/>
  <system-out/>
  <testcase classname="fetchPackage.ClassToFetchDetails" name="fetchingPaymentDetails" time="0.101"/>
  <system-out/>
  <testcase classname="fetchPackage.ClassToFetchDetails" name="fetchingPaymentDetails" time="0.105"/>
  <system-out/>
  <testcase classname="fetchPackage.ClassToFetchDetails" name="fetchingPaymentDetails" time="0.089"/>
  <system-out/>
  <testcase classname="fetchPackage.ClassToFetchDetails" name="fetchingPaymentDetails" time="0.117"/>
  <system-out/>
  <testcase classname="fetchPackage.ClassToFetchDetails" name="fetchingPaymentDetails" time="0.182"/>
  <system-out/>
  <testcase classname="fetchPackage.ClassToFetchDetails" name="fetchingPaymentDetails" time="0.143"/>
  <system-out/>
  <testcase classname="fetchPackage.ClassToFetchDetails" name="fetchingPaymentDetails" time="0.198"/>
  <system-out/>
  <testcase classname="fetchPackage.ClassToFetchDetails" name="fetchingPaymentDetails" time="0.125"/>
  <system-out/>
  <testcase classname="fetchPackage.ClassToFetchDetails" name="fetchingPaymentDetails" time="0.120"/>
  <system-out/>
  <testcase classname="fetchPackage.ClassToFetchDetails" name="fetchingPaymentDetails" time="0.113"/>
  <system-out/>
  <testcase classname="fetchPackage.ClassToFetchDetails" name="fetchingPaymentDetails" time="0.111"/>
  <system-out/>
  <testcase classname="fetchPackage.ClassToFetchDetails" name="fetchingPaymentDetails" time="0.158"/>
  <system-out/>
  <testcase classname="fetchPackage.ClassToFetchDetails" name="fetchingPaymentDetails" time="0.127"/>
  <system-out/>
  <testcase classname="fetchPackage.ClassToFetchDetails" name="fetchingPaymentDetails" time="0.111"/>
  <system-out/>
  <testcase classname="fetchPackage.ClassToFetchDetails" name="fetchingPaymentDetails" time="0.108"/>
  <system-out/>
  <testcase classname="fetchPackage.ClassToFetchDetails" name="fetchingPaymentDetails" time="0.091"/>
  <system-out/>
  <testcase classname="fetchPackage.ClassToFetchDetails" name="fetchingPaymentDetails" time="0.115"/>
  <system-out/>
  <testcase classname="fetchPackage.ClassToFetchDetails" name="fetchingPaymentDetails" time="0.091"/>
  <system-out/>
  <testcase classname="fetchPackage.ClassToFetchDetails" name="fetchingPaymentDetails" time="0.101"/>
  <system-out/>
  <testcase classname="fetchPackage.ClassToFetchDetails" name="fetchingPaymentDetails" time="0.107"/>
  <system-out/>
  <testcase classname="fetchPackage.ClassToFetchDetails" name="fetchingPaymentDetails" time="0.102"/>
  <system-out/>
  <testcase classname="fetchPackage.ClassToFetchDetails" name="fetchingPaymentDetails" time="0.111"/>
  <system-out/>
  <testcase classname="fetchPackage.ClassToFetchDetails" name="fetchingPaymentDetails" time="0.170"/>
  <system-out/>
  <testcase classname="fetchPackage.ClassToFetchDetails" name="fetchingPaymentDetails" time="0.157"/>
  <system-out/>
  <testcase classname="fetchPackage.ClassToFetchDetails" name="fetchingPaymentDetails" time="0.171"/>
  <system-out/>
  <testcase classname="fetchPackage.ClassToFetchDetails" name="fetchingPaymentDetails" time="0.099"/>
  <system-out/>
  <testcase classname="fetchPackage.ClassToFetchDetails" name="fetchingPaymentDetails" time="0.097"/>
  <system-out/>
  <testcase classname="fetchPackage.ClassToFetchDetails" name="fetchingPaymentDetails" time="0.123"/>
  <system-out/>
  <testcase classname="fetchPackage.ClassToFetchDetails" name="fetchingPaymentDetails" time="0.124"/>
  <system-out/>
  <testcase classname="fetchPackage.ClassToFetchDetails" name="fetchingPaymentDetails" time="0.124"/>
  <system-out/>
  <testcase classname="fetchPackage.ClassToFetchDetails" name="fetchingPaymentDetails" time="0.100"/>
  <system-out/>
  <testcase classname="fetchPackage.ClassToFetchDetails" name="fetchingPaymentDetails" time="0.099"/>
  <system-out/>
  <testcase classname="fetchPackage.ClassToFetchDetails" name="fetchingPaymentDetails" time="0.116"/>
  <system-out/>
  <testcase classname="fetchPackage.ClassToFetchDetails" name="fetchingPaymentDetails" time="0.102"/>
  <system-out/>
  <testcase classname="fetchPackage.ClassToFetchDetails" name="fetchingPaymentDetails" time="0.152"/>
  <system-out/>
  <testcase classname="fetchPackage.ClassToFetchDetails" name="fetchingPaymentDetails" time="0.127"/>
  <system-out/>
  <testcase classname="fetchPackage.ClassToFetchDetails" name="fetchingPaymentDetails" time="0.110"/>
  <system-out/>
  <testcase classname="fetchPackage.ClassToFetchDetails" name="fetchingPaymentDetails" time="0.093"/>
  <system-out/>
  <testcase classname="fetchPackage.ClassToFetchDetails" name="fetchingPaymentDetails" time="0.118"/>
  <system-out/>
  <testcase classname="fetchPackage.ClassToFetchDetails" name="fetchingPaymentDetails" time="0.117"/>
  <system-out/>
  <testcase classname="fetchPackage.ClassToFetchDetails" name="fetchingPaymentDetails" time="0.122"/>
  <system-out/>
  <testcase classname="fetchPackage.ClassToFetchDetails" name="fetchingPaymentDetails" time="0.117"/>
  <system-out/>
  <testcase classname="fetchPackage.ClassToFetchDetails" name="fetchingPaymentDetails" time="0.129"/>
  <system-out/>
  <testcase classname="fetchPackage.ClassToFetchDetails" name="fetchingPaymentDetails" time="0.103"/>
  <system-out/>
  <testcase classname="fetchPackage.ClassToFetchDetails" name="fetchingPaymentDetails" time="0.084"/>
  <system-out/>
  <testcase classname="fetchPackage.ClassToFetchDetails" name="fetchingPaymentDetails" time="0.152"/>
  <system-out/>
  <testcase classname="fetchPackage.ClassToFetchDetails" name="fetchingPaymentDetails" time="0.176"/>
  <system-out/>
  <testcase classname="fetchPackage.ClassToFetchDetails" name="fetchingPaymentDetails" time="0.119"/>
  <system-out/>
  <testcase classname="fetchPackage.ClassToFetchDetails" name="fetchingPaymentDetails" time="0.143"/>
  <system-out/>
  <testcase classname="fetchPackage.ClassToFetchDetails" name="fetchingPaymentDetails" time="0.118"/>
  <system-out/>
  <testcase classname="fetchPackage.ClassToFetchDetails" name="fetchingPaymentDetails" time="0.233"/>
  <system-out/>
  <testcase classname="fetchPackage.ClassToFetchDetails" name="fetchingPaymentDetails" time="0.210"/>
  <system-out/>
  <testcase classname="fetchPackage.ClassToFetchDetails" name="fetchingPaymentDetails" time="0.081"/>
  <system-out/>
  <testcase classname="fetchPackage.ClassToFetchDetails" name="fetchingPaymentDetails" time="0.107"/>
  <system-out/>
  <testcase classname="fetchPackage.ClassToFetchDetails" name="fetchingPaymentDetails" time="0.147"/>
  <system-out/>
  <testcase classname="fetchPackage.ClassToFetchDetails" name="fetchingPaymentDetails" time="0.123"/>
  <system-out/>
  <testcase classname="fetchPackage.ClassToFetchDetails" name="fetchingPaymentDetails" time="0.118"/>
  <system-out/>
  <testcase classname="fetchPackage.ClassToFetchDetails" name="fetchingPaymentDetails" time="0.112"/>
  <system-out/>
  <testcase classname="fetchPackage.ClassToFetchDetails" name="fetchingPaymentDetails" time="0.121"/>
  <system-out/>
  <testcase classname="fetchPackage.ClassToFetchDetails" name="fetchingPaymentDetails" time="0.109"/>
  <system-out/>
  <testcase classname="fetchPackage.ClassToFetchDetails" name="fetchingPaymentDetails" time="0.090"/>
  <system-out/>
  <testcase classname="fetchPackage.ClassToFetchDetails" name="fetchingPaymentDetails" time="0.091"/>
  <system-out/>
  <testcase classname="fetchPackage.ClassToFetchDetails" name="fetchingPaymentDetails" time="0.113"/>
  <system-out/>
  <testcase classname="fetchPackage.ClassToFetchDetails" name="fetchingPaymentDetails" time="0.115"/>
  <system-out/>
  <testcase classname="fetchPackage.ClassToFetchDetails" name="fetchingPaymentDetails" time="0.117"/>
  <system-out/>
  <testcase classname="fetchPackage.ClassToFetchDetails" name="fetchingPaymentDetails" time="0.101"/>
  <system-out/>
  <testcase classname="fetchPackage.ClassToFetchDetails" name="fetchingPaymentDetails" time="0.139"/>
  <system-out/>
  <testcase classname="fetchPackage.ClassToFetchDetails" name="fetchingPaymentDetails" time="0.109"/>
  <system-out/>
  <testcase classname="fetchPackage.ClassToFetchDetails" name="fetchingPaymentDetails" time="0.119"/>
  <system-out/>
  <testcase classname="fetchPackage.ClassToFetchDetails" name="fetchingPaymentDetails" time="0.126"/>
  <system-out/>
  <testcase classname="fetchPackage.ClassToFetchDetails" name="fetchingPaymentDetails" time="0.106"/>
  <system-out/>
  <testcase classname="fetchPackage.ClassToFetchDetails" name="fetchingPaymentDetails" time="0.169"/>
  <system-out/>
  <testcase classname="fetchPackage.ClassToFetchDetails" name="fetchingPaymentDetails" time="0.086"/>
  <system-out/>
  <testcase classname="fetchPackage.ClassToFetchDetails" name="fetchingPaymentDetails" time="0.091"/>
  <system-out/>
  <testcase classname="fetchPackage.ClassToFetchDetails" name="fetchingPaymentDetails" time="0.099"/>
  <system-out/>
  <testcase classname="fetchPackage.ClassToFetchDetails" name="fetchingPaymentDetails" time="0.189"/>
  <system-out/>
  <testcase classname="fetchPackage.ClassToFetchDetails" name="fetchingPaymentDetails" time="0.095"/>
  <system-out/>
  <testcase classname="fetchPackage.ClassToFetchDetails" name="fetchingPaymentDetails" time="0.116"/>
  <system-out/>
  <testcase classname="fetchPackage.ClassToFetchDetails" name="fetchingPaymentDetails" time="0.122"/>
  <system-out/>
  <testcase classname="fetchPackage.ClassToFetchDetails" name="fetchingPaymentDetails" time="0.123"/>
  <system-out/>
  <testcase classname="fetchPackage.ClassToFetchDetails" name="fetchingPaymentDetails" time="0.165"/>
  <system-out/>
  <testcase classname="fetchPackage.ClassToFetchDetails" name="fetchingPaymentDetails" time="0.133"/>
  <system-out/>
  <testcase classname="fetchPackage.ClassToFetchDetails" name="fetchingPaymentDetails" time="0.107"/>
  <system-out/>
  <testcase classname="fetchPackage.ClassToFetchDetails" name="fetchingPaymentDetails" time="0.135"/>
  <system-out/>
  <testcase classname="fetchPackage.ClassToFetchDetails" name="fetchingPaymentDetails" time="0.109"/>
  <system-out/>
  <testcase classname="fetchPackage.ClassToFetchDetails" name="fetchingPaymentDetails" time="0.119"/>
  <system-out/>
  <testcase classname="fetchPackage.ClassToFetchDetails" name="fetchingPaymentDetails" time="0.106"/>
  <system-out/>
  <testcase classname="fetchPackage.ClassToFetchDetails" name="fetchingPaymentDetails" time="0.173"/>
  <system-out/>
  <testcase classname="fetchPackage.ClassToFetchDetails" name="fetchingPaymentDetails" time="0.083"/>
  <system-out/>
  <testcase classname="fetchPackage.ClassToFetchDetails" name="fetchingPaymentDetails" time="0.128"/>
  <system-out/>
  <testcase classname="fetchPackage.ClassToFetchDetails" name="fetchingPaymentDetails" time="0.120"/>
  <system-out/>
  <testcase classname="fetchPackage.ClassToFetchDetails" name="fetchingPaymentDetails" time="0.124"/>
  <system-out/>
  <testcase classname="fetchPackage.ClassToFetchDetails" name="fetchingPaymentDetails" time="0.143"/>
  <system-out/>
  <testcase classname="fetchPackage.ClassToFetchDetails" name="fetchingPaymentDetails" time="0.091"/>
  <system-out/>
  <testcase classname="fetchPackage.ClassToFetchDetails" name="fetchingPaymentDetails" time="0.111"/>
  <system-out/>
  <testcase classname="fetchPackage.ClassToFetchDetails" name="fetchingPaymentDetails" time="0.116"/>
  <system-out/>
  <testcase classname="fetchPackage.ClassToFetchDetails" name="fetchingPaymentDetails" time="0.110"/>
  <system-out/>
  <testcase classname="fetchPackage.ClassToFetchDetails" name="fetchingPaymentDetails" time="0.089"/>
  <system-out/>
  <testcase classname="fetchPackage.ClassToFetchDetails" name="fetchingPaymentDetails" time="0.157"/>
  <system-out/>
  <testcase classname="fetchPackage.ClassToFetchDetails" name="fetchingPaymentDetails" time="0.100"/>
  <system-out/>
  <testcase classname="fetchPackage.ClassToFetchDetails" name="fetchingPaymentDetails" time="0.102"/>
  <system-out/>
  <testcase classname="fetchPackage.ClassToFetchDetails" name="fetchingPaymentDetails" time="0.097"/>
  <system-out/>
  <testcase classname="fetchPackage.ClassToFetchDetails" name="fetchingPaymentDetails" time="0.113"/>
  <system-out/>
  <testcase classname="fetchPackage.ClassToFetchDetails" name="fetchingPaymentDetails" time="0.124"/>
  <system-out/>
  <testcase classname="fetchPackage.ClassToFetchDetails" name="fetchingPaymentDetails" time="0.122"/>
  <system-out/>
  <testcase classname="fetchPackage.ClassToFetchDetails" name="fetchingPaymentDetails" time="0.161"/>
  <system-out/>
  <testcase classname="fetchPackage.ClassToFetchDetails" name="fetchingPaymentDetails" time="0.167"/>
  <system-out/>
  <testcase classname="fetchPackage.ClassToFetchDetails" name="fetchingPaymentDetails" time="0.105"/>
  <system-out/>
  <testcase classname="fetchPackage.ClassToFetchDetails" name="fetchingPaymentDetails" time="0.137"/>
  <system-out/>
  <testcase classname="fetchPackage.ClassToFetchDetails" name="fetchingPaymentDetails" time="0.112"/>
  <system-out/>
  <testcase classname="fetchPackage.ClassToFetchDetails" name="fetchingPaymentDetails" time="0.132"/>
  <system-out/>
  <testcase classname="fetchPackage.ClassToFetchDetails" name="fetchingPaymentDetails" time="0.167"/>
  <system-out/>
  <testcase classname="fetchPackage.ClassToFetchDetails" name="fetchingPaymentDetails" time="0.181"/>
  <system-out/>
  <testcase classname="fetchPackage.ClassToFetchDetails" name="fetchingPaymentDetails" time="0.126"/>
  <system-out/>
  <testcase classname="fetchPackage.ClassToFetchDetails" name="fetchingPaymentDetails" time="0.113"/>
  <system-out/>
  <testcase classname="fetchPackage.ClassToFetchDetails" name="fetchingPaymentDetails" time="0.123"/>
  <system-out/>
  <testcase classname="fetchPackage.ClassToFetchDetails" name="fetchingPaymentDetails" time="0.162"/>
  <system-out/>
  <testcase classname="fetchPackage.ClassToFetchDetails" name="fetchingPaymentDetails" time="0.091"/>
  <system-out/>
  <testcase classname="fetchPackage.ClassToFetchDetails" name="fetchingPaymentDetails" time="0.124"/>
  <system-out/>
  <testcase classname="fetchPackage.ClassToFetchDetails" name="fetchingPaymentDetails" time="0.095"/>
  <system-out/>
  <testcase classname="fetchPackage.ClassToFetchDetails" name="fetchingPaymentDetails" time="0.193"/>
  <system-out/>
  <testcase classname="fetchPackage.ClassToFetchDetails" name="fetchingPaymentDetails" time="0.095"/>
  <system-out/>
  <testcase classname="fetchPackage.ClassToFetchDetails" name="fetchingPaymentDetails" time="0.144"/>
  <system-out/>
  <testcase classname="fetchPackage.ClassToFetchDetails" name="fetchingPaymentDetails" time="0.098"/>
  <system-out/>
  <testcase classname="fetchPackage.ClassToFetchDetails" name="fetchingPaymentDetails" time="0.115"/>
  <system-out/>
  <testcase classname="fetchPackage.ClassToFetchDetails" name="fetchingPaymentDetails" time="0.102"/>
  <system-out/>
  <testcase classname="fetchPackage.ClassToFetchDetails" name="fetchingPaymentDetails" time="0.087"/>
  <system-out/>
  <testcase classname="fetchPackage.ClassToFetchDetails" name="fetchingPaymentDetails" time="0.204"/>
  <system-out/>
  <testcase classname="fetchPackage.ClassToFetchDetails" name="fetchingPaymentDetails" time="0.093"/>
  <system-out/>
  <testcase classname="fetchPackage.ClassToFetchDetails" name="fetchingPaymentDetails" time="0.161"/>
  <system-out/>
  <testcase classname="fetchPackage.ClassToFetchDetails" name="fetchingPaymentDetails" time="0.107"/>
  <system-out/>
  <testcase classname="fetchPackage.ClassToFetchDetails" name="fetchingPaymentDetails" time="0.116"/>
  <system-out/>
  <testcase classname="fetchPackage.ClassToFetchDetails" name="fetchingPaymentDetails" time="0.219"/>
  <system-out/>
  <testcase classname="fetchPackage.ClassToFetchDetails" name="fetchingPaymentDetails" time="0.166"/>
  <system-out/>
  <testcase classname="fetchPackage.ClassToFetchDetails" name="fetchingPaymentDetails" time="0.150"/>
  <system-out/>
  <testcase classname="fetchPackage.ClassToFetchDetails" name="fetchingPaymentDetails" time="0.139"/>
  <system-out/>
  <testcase classname="fetchPackage.ClassToFetchDetails" name="fetchingPaymentDetails" time="0.120"/>
  <system-out/>
  <testcase classname="fetchPackage.ClassToFetchDetails" name="fetchingPaymentDetails" time="0.143"/>
  <system-out/>
  <testcase classname="fetchPackage.ClassToFetchDetails" name="fetchingPaymentDetails" time="0.154"/>
  <system-out/>
  <testcase classname="fetchPackage.ClassToFetchDetails" name="fetchingPaymentDetails" time="0.264"/>
  <system-out/>
  <testcase classname="fetchPackage.ClassToFetchDetails" name="fetchingPaymentDetails" time="0.095"/>
  <system-out/>
  <testcase classname="fetchPackage.ClassToFetchDetails" name="fetchingPaymentDetails" time="0.103"/>
  <system-out/>
  <testcase classname="fetchPackage.ClassToFetchDetails" name="fetchingPaymentDetails" time="0.092"/>
  <system-out/>
  <testcase classname="fetchPackage.ClassToFetchDetails" name="fetchingPaymentDetails" time="0.127"/>
  <system-out/>
  <testcase classname="fetchPackage.ClassToFetchDetails" name="fetchingPaymentDetails" time="0.146"/>
  <system-out/>
  <testcase classname="fetchPackage.ClassToFetchDetails" name="fetchingPaymentDetails" time="0.337"/>
  <system-out/>
  <testcase classname="fetchPackage.ClassToFetchDetails" name="fetchingPaymentDetails" time="0.133"/>
  <system-out/>
  <testcase classname="fetchPackage.ClassToFetchDetails" name="fetchingPaymentDetails" time="0.107"/>
  <system-out/>
  <testcase classname="fetchPackage.ClassToFetchDetails" name="fetchingPaymentDetails" time="0.142"/>
  <system-out/>
  <testcase classname="fetchPackage.ClassToFetchDetails" name="fetchingPaymentDetails" time="0.140"/>
  <system-out/>
  <testcase classname="fetchPackage.ClassToFetchDetails" name="fetchingPaymentDetails" time="0.170"/>
  <system-out/>
  <testcase classname="fetchPackage.ClassToFetchDetails" name="fetchingPaymentDetails" time="0.087"/>
  <system-out/>
  <testcase classname="fetchPackage.ClassToFetchDetails" name="fetchingPaymentDetails" time="0.154"/>
  <system-out/>
  <testcase classname="fetchPackage.ClassToFetchDetails" name="fetchingPaymentDetails" time="0.101"/>
  <system-out/>
  <testcase classname="fetchPackage.ClassToFetchDetails" name="fetchingPaymentDetails" time="0.118"/>
  <system-out/>
  <testcase classname="fetchPackage.ClassToFetchDetails" name="fetchingPaymentDetails" time="0.105"/>
  <system-out/>
  <testcase classname="fetchPackage.ClassToFetchDetails" name="fetchingPaymentDetails" time="0.154"/>
  <system-out/>
  <testcase classname="fetchPackage.ClassToFetchDetails" name="fetchingPaymentDetails" time="0.110"/>
  <system-out/>
  <testcase classname="fetchPackage.ClassToFetchDetails" name="fetchingPaymentDetails" time="0.122"/>
  <system-out/>
  <testcase classname="fetchPackage.ClassToFetchDetails" name="fetchingPaymentDetails" time="0.107"/>
  <system-out/>
  <testcase classname="fetchPackage.ClassToFetchDetails" name="fetchingPaymentDetails" time="0.110"/>
  <system-out/>
  <testcase classname="fetchPackage.ClassToFetchDetails" name="fetchingPaymentDetails" time="0.110"/>
  <system-out/>
  <testcase classname="fetchPackage.ClassToFetchDetails" name="fetchingPaymentDetails" time="0.191"/>
  <system-out/>
  <testcase classname="fetchPackage.ClassToFetchDetails" name="fetchingPaymentDetails" time="0.172"/>
  <system-out/>
  <testcase classname="fetchPackage.ClassToFetchDetails" name="fetchingPaymentDetails" time="0.186"/>
  <system-out/>
  <testcase classname="fetchPackage.ClassToFetchDetails" name="fetchingPaymentDetails" time="0.123"/>
  <system-out/>
  <testcase classname="fetchPackage.ClassToFetchDetails" name="fetchingPaymentDetails" time="0.103"/>
  <system-out/>
  <testcase classname="fetchPackage.ClassToFetchDetails" name="fetchingPaymentDetails" time="0.099"/>
  <system-out/>
  <testcase classname="fetchPackage.ClassToFetchDetails" name="fetchingPaymentDetails" time="0.200"/>
  <system-out/>
  <testcase classname="fetchPackage.ClassToFetchDetails" name="fetchingPaymentDetails" time="0.142"/>
  <system-out/>
  <testcase classname="fetchPackage.ClassToFetchDetails" name="fetchingPaymentDetails" time="0.111"/>
  <system-out/>
  <testcase classname="fetchPackage.ClassToFetchDetails" name="fetchingPaymentDetails" time="0.114"/>
  <system-out/>
  <testcase classname="fetchPackage.ClassToFetchDetails" name="fetchingPaymentDetails" time="0.108"/>
  <system-out/>
  <testcase classname="fetchPackage.ClassToFetchDetails" name="fetchingPaymentDetails" time="0.127"/>
  <system-out/>
  <testcase classname="fetchPackage.ClassToFetchDetails" name="fetchingPaymentDetails" time="0.157"/>
  <system-out/>
  <testcase classname="fetchPackage.ClassToFetchDetails" name="fetchingPaymentDetails" time="0.116"/>
  <system-out/>
  <testcase classname="fetchPackage.ClassToFetchDetails" name="fetchingPaymentDetails" time="0.157"/>
  <system-out/>
  <testcase classname="fetchPackage.ClassToFetchDetails" name="fetchingPaymentDetails" time="0.117"/>
  <system-out/>
  <testcase classname="fetchPackage.ClassToFetchDetails" name="fetchingPaymentDetails" time="0.125"/>
  <system-out/>
  <testcase classname="fetchPackage.ClassToFetchDetails" name="fetchingPaymentDetails" time="0.115"/>
  <system-out/>
  <testcase classname="fetchPackage.ClassToFetchDetails" name="fetchingPaymentDetails" time="0.118"/>
  <system-out/>
  <testcase classname="fetchPackage.ClassToFetchDetails" name="fetchingPaymentDetails" time="0.112"/>
  <system-out/>
  <testcase classname="fetchPackage.ClassToFetchDetails" name="fetchingPaymentDetails" time="0.107"/>
  <system-out/>
  <testcase classname="fetchPackage.ClassToFetchDetails" name="fetchingPaymentDetails" time="0.120"/>
  <system-out/>
  <testcase classname="fetchPackage.ClassToFetchDetails" name="fetchingPaymentDetails" time="0.105"/>
  <system-out/>
  <testcase classname="fetchPackage.ClassToFetchDetails" name="fetchingPaymentDetails" time="0.110"/>
  <system-out/>
  <testcase classname="fetchPackage.ClassToFetchDetails" name="fetchingPaymentDetails" time="0.133"/>
  <system-out/>
  <testcase classname="fetchPackage.ClassToFetchDetails" name="fetchingPaymentDetails" time="0.123"/>
  <system-out/>
  <testcase classname="fetchPackage.ClassToFetchDetails" name="fetchingPaymentDetails" time="0.125"/>
  <system-out/>
  <testcase classname="fetchPackage.ClassToFetchDetails" name="fetchingPaymentDetails" time="0.186"/>
  <system-out/>
  <testcase classname="fetchPackage.ClassToFetchDetails" name="fetchingPaymentDetails" time="0.131"/>
  <system-out/>
  <testcase classname="fetchPackage.ClassToFetchDetails" name="fetchingPaymentDetails" time="0.155"/>
  <system-out/>
  <testcase classname="fetchPackage.ClassToFetchDetails" name="fetchingPaymentDetails" time="0.092"/>
  <system-out/>
  <testcase classname="fetchPackage.ClassToFetchDetails" name="fetchingPaymentDetails" time="0.135"/>
  <system-out/>
  <testcase classname="fetchPackage.ClassToFetchDetails" name="fetchingPaymentDetails" time="0.113"/>
  <system-out/>
  <testcase classname="fetchPackage.ClassToFetchDetails" name="fetchingPaymentDetails" time="0.127"/>
  <system-out/>
  <testcase classname="fetchPackage.ClassToFetchDetails" name="fetchingPaymentDetails" time="0.098"/>
  <system-out/>
  <testcase classname="fetchPackage.ClassToFetchDetails" name="fetchingPaymentDetails" time="0.162"/>
  <system-out/>
  <testcase classname="fetchPackage.ClassToFetchDetails" name="fetchingPaymentDetails" time="0.099"/>
  <system-out/>
  <testcase classname="fetchPackage.ClassToFetchDetails" name="fetchingPaymentDetails" time="0.108"/>
  <system-out/>
  <testcase classname="fetchPackage.ClassToFetchDetails" name="fetchingPaymentDetails" time="0.124"/>
  <system-out/>
  <testcase classname="fetchPackage.ClassToFetchDetails" name="fetchingPaymentDetails" time="0.123"/>
  <system-out/>
  <testcase classname="fetchPackage.ClassToFetchDetails" name="fetchingPaymentDetails" time="0.108"/>
  <system-out/>
  <testcase classname="fetchPackage.ClassToFetchDetails" name="fetchingPaymentDetails" time="0.120"/>
  <system-out/>
  <testcase classname="fetchPackage.ClassToFetchDetails" name="fetchingPaymentDetails" time="0.158"/>
  <system-out/>
  <testcase classname="fetchPackage.ClassToFetchDetails" name="fetchingPaymentDetails" time="0.130"/>
  <system-out/>
  <testcase classname="fetchPackage.ClassToFetchDetails" name="fetchingPaymentDetails" time="0.090"/>
  <system-out/>
  <testcase classname="fetchPackage.ClassToFetchDetails" name="fetchingPaymentDetails" time="0.101"/>
  <system-out/>
  <testcase classname="fetchPackage.ClassToFetchDetails" name="fetchingPaymentDetails" time="0.144"/>
  <system-out/>
  <testcase classname="fetchPackage.ClassToFetchDetails" name="fetchingPaymentDetails" time="0.092"/>
  <system-out/>
  <testcase classname="fetchPackage.ClassToFetchDetails" name="fetchingPaymentDetails" time="0.103"/>
  <system-out/>
  <testcase classname="fetchPackage.ClassToFetchDetails" name="fetchingPaymentDetails" time="0.098"/>
  <system-out/>
  <testcase classname="fetchPackage.ClassToFetchDetails" name="fetchingPaymentDetails" time="0.119"/>
  <system-out/>
  <testcase classname="fetchPackage.ClassToFetchDetails" name="fetchingPaymentDetails" time="0.111"/>
  <system-out/>
  <testcase classname="fetchPackage.ClassToFetchDetails" name="fetchingPaymentDetails" time="0.128"/>
  <system-out/>
  <testcase classname="fetchPackage.ClassToFetchDetails" name="fetchingPaymentDetails" time="0.154"/>
  <system-out/>
  <testcase classname="fetchPackage.ClassToFetchDetails" name="fetchingPaymentDetails" time="0.112"/>
  <system-out/>
  <testcase classname="fetchPackage.ClassToFetchDetails" name="fetchingPaymentDetails" time="0.122"/>
  <system-out/>
  <testcase classname="fetchPackage.ClassToFetchDetails" name="fetchingPaymentDetails" time="0.127"/>
  <system-out/>
  <testcase classname="fetchPackage.ClassToFetchDetails" name="fetchingPaymentDetails" time="0.114"/>
  <system-out/>
  <testcase classname="fetchPackage.ClassToFetchDetails" name="fetchingPaymentDetails" time="0.096"/>
  <system-out/>
  <testcase classname="fetchPackage.ClassToFetchDetails" name="fetchingPaymentDetails" time="0.133"/>
  <system-out/>
  <testcase classname="fetchPackage.ClassToFetchDetails" name="fetchingPaymentDetails" time="0.095"/>
  <system-out/>
  <testcase classname="fetchPackage.ClassToFetchDetails" name="fetchingPaymentDetails" time="0.208"/>
  <system-out/>
  <testcase classname="fetchPackage.ClassToFetchDetails" name="fetchingPaymentDetails" time="0.090"/>
  <system-out/>
  <testcase classname="fetchPackage.ClassToFetchDetails" name="fetchingPaymentDetails" time="0.115"/>
  <system-out/>
  <testcase classname="fetchPackage.ClassToFetchDetails" name="fetchingPaymentDetails" time="0.140"/>
  <system-out/>
  <testcase classname="fetchPackage.ClassToFetchDetails" name="fetchingPaymentDetails" time="0.101"/>
  <system-out/>
  <testcase classname="fetchPackage.ClassToFetchDetails" name="fetchingPaymentDetails" time="0.119"/>
  <system-out/>
  <testcase classname="fetchPackage.ClassToFetchDetails" name="fetchingPaymentDetails" time="0.132"/>
  <system-out/>
  <testcase classname="fetchPackage.ClassToFetchDetails" name="fetchingPaymentDetails" time="0.140"/>
  <system-out/>
  <testcase classname="fetchPackage.ClassToFetchDetails" name="fetchingPaymentDetails" time="0.139"/>
  <system-out/>
  <testcase classname="fetchPackage.ClassToFetchDetails" name="fetchingPaymentDetails" time="0.155"/>
  <system-out/>
  <testcase classname="fetchPackage.ClassToFetchDetails" name="fetchingPaymentDetails" time="0.115"/>
  <system-out/>
  <testcase classname="fetchPackage.ClassToFetchDetails" name="fetchingPaymentDetails" time="0.094"/>
  <system-out/>
  <testcase classname="fetchPackage.ClassToFetchDetails" name="fetchingPaymentDetails" time="0.099"/>
  <system-out/>
  <testcase classname="fetchPackage.ClassToFetchDetails" name="fetchingPaymentDetails" time="0.128"/>
  <system-out/>
  <testcase classname="fetchPackage.ClassToFetchDetails" name="fetchingPaymentDetails" time="0.108"/>
  <system-out/>
  <testcase classname="fetchPackage.ClassToFetchDetails" name="fetchingPaymentDetails" time="0.155"/>
  <system-out/>
  <testcase classname="fetchPackage.ClassToFetchDetails" name="fetchingPaymentDetails" time="0.106"/>
  <system-out/>
  <testcase classname="fetchPackage.ClassToFetchDetails" name="fetchingPaymentDetails" time="0.094"/>
  <system-out/>
  <testcase classname="fetchPackage.ClassToFetchDetails" name="fetchingPaymentDetails" time="0.105"/>
  <system-out/>
  <testcase classname="fetchPackage.ClassToFetchDetails" name="fetchingPaymentDetails" time="0.148"/>
  <system-out/>
  <testcase classname="fetchPackage.ClassToFetchDetails" name="fetchingPaymentDetails" time="0.106"/>
  <system-out/>
  <testcase classname="fetchPackage.ClassToFetchDetails" name="fetchingPaymentDetails" time="0.166"/>
  <system-out/>
  <testcase classname="fetchPackage.ClassToFetchDetails" name="fetchingPaymentDetails" time="0.106"/>
  <system-out/>
  <testcase classname="fetchPackage.ClassToFetchDetails" name="fetchingPaymentDetails" time="0.109"/>
  <system-out/>
  <testcase classname="fetchPackage.ClassToFetchDetails" name="fetchingPaymentDetails" time="0.083"/>
  <system-out/>
  <testcase classname="fetchPackage.ClassToFetchDetails" name="fetchingPaymentDetails" time="0.156"/>
  <system-out/>
  <testcase classname="fetchPackage.ClassToFetchDetails" name="fetchingPaymentDetails" time="0.135"/>
  <system-out/>
  <testcase classname="fetchPackage.ClassToFetchDetails" name="fetchingPaymentDetails" time="0.159"/>
  <system-out/>
  <testcase classname="fetchPackage.ClassToFetchDetails" name="fetchingPaymentDetails" time="0.111"/>
  <system-out/>
  <testcase classname="fetchPackage.ClassToFetchDetails" name="fetchingPaymentDetails" time="0.131"/>
  <system-out/>
  <testcase classname="fetchPackage.ClassToFetchDetails" name="fetchingPaymentDetails" time="0.111"/>
  <system-out/>
  <testcase classname="fetchPackage.ClassToFetchDetails" name="fetchingPaymentDetails" time="0.122"/>
  <system-out/>
  <testcase classname="fetchPackage.ClassToFetchDetails" name="fetchingPaymentDetails" time="0.145"/>
  <system-out/>
  <testcase classname="fetchPackage.ClassToFetchDetails" name="fetchingPaymentDetails" time="0.190"/>
  <system-out/>
  <testcase classname="fetchPackage.ClassToFetchDetails" name="fetchingPaymentDetails" time="0.091"/>
  <system-out/>
  <testcase classname="fetchPackage.ClassToFetchDetails" name="fetchingPaymentDetails" time="0.123"/>
  <system-out/>
  <testcase classname="fetchPackage.ClassToFetchDetails" name="fetchingPaymentDetails" time="0.117"/>
  <system-out/>
  <testcase classname="fetchPackage.ClassToFetchDetails" name="fetchingPaymentDetails" time="0.108"/>
  <system-out/>
  <testcase classname="fetchPackage.ClassToFetchDetails" name="fetchingPaymentDetails" time="0.189"/>
  <system-out/>
  <testcase classname="fetchPackage.ClassToFetchDetails" name="fetchingPaymentDetails" time="0.144"/>
  <system-out/>
  <testcase classname="fetchPackage.ClassToFetchDetails" name="fetchingPaymentDetails" time="0.119"/>
  <system-out/>
  <testcase classname="fetchPackage.ClassToFetchDetails" name="fetchingPaymentDetails" time="0.134"/>
  <system-out/>
  <testcase classname="fetchPackage.ClassToFetchDetails" name="fetchingPaymentDetails" time="0.096"/>
  <system-out/>
  <testcase classname="fetchPackage.ClassToFetchDetails" name="fetchingPaymentDetails" time="0.112"/>
  <system-out/>
  <testcase classname="fetchPackage.ClassToFetchDetails" name="fetchingPaymentDetails" time="0.095"/>
  <system-out/>
  <testcase classname="fetchPackage.ClassToFetchDetails" name="fetchingPaymentDetails" time="0.167"/>
  <system-out/>
  <testcase classname="fetchPackage.ClassToFetchDetails" name="fetchingPaymentDetails" time="0.142"/>
  <system-out/>
  <testcase classname="fetchPackage.ClassToFetchDetails" name="fetchingPaymentDetails" time="0.105"/>
  <system-out/>
  <testcase classname="fetchPackage.ClassToFetchDetails" name="fetchingPaymentDetails" time="0.109"/>
  <system-out/>
  <testcase classname="fetchPackage.ClassToFetchDetails" name="fetchingPaymentDetails" time="0.101"/>
  <system-out/>
  <testcase classname="fetchPackage.ClassToFetchDetails" name="fetchingPaymentDetails" time="0.131"/>
  <system-out/>
  <testcase classname="fetchPackage.ClassToFetchDetails" name="fetchingPaymentDetails" time="0.127"/>
  <system-out/>
  <testcase classname="fetchPackage.ClassToFetchDetails" name="fetchingPaymentDetails" time="0.124"/>
  <system-out/>
  <testcase classname="fetchPackage.ClassToFetchDetails" name="fetchingPaymentDetails" time="0.142"/>
  <system-out/>
  <testcase classname="fetchPackage.ClassToFetchDetails" name="fetchingPaymentDetails" time="0.132"/>
  <system-out/>
  <testcase classname="fetchPackage.ClassToFetchDetails" name="fetchingPaymentDetails" time="0.202"/>
  <system-out/>
  <testcase classname="fetchPackage.ClassToFetchDetails" name="fetchingPaymentDetails" time="0.114"/>
  <system-out/>
  <testcase classname="fetchPackage.ClassToFetchDetails" name="fetchingPaymentDetails" time="0.085"/>
  <system-out/>
  <testcase classname="fetchPackage.ClassToFetchDetails" name="fetchingPaymentDetails" time="0.097"/>
  <system-out/>
  <testcase classname="fetchPackage.ClassToFetchDetails" name="fetchingPaymentDetails" time="0.123"/>
  <system-out/>
  <testcase classname="fetchPackage.ClassToFetchDetails" name="fetchingPaymentDetails" time="0.096"/>
  <system-out/>
  <testcase classname="fetchPackage.ClassToFetchDetails" name="fetchingPaymentDetails" time="0.139"/>
  <system-out/>
  <testcase classname="fetchPackage.ClassToFetchDetails" name="fetchingPaymentDetails" time="0.092"/>
  <system-out/>
  <testcase classname="fetchPackage.ClassToFetchDetails" name="fetchingPaymentDetails" time="0.097"/>
  <system-out/>
  <testcase classname="fetchPackage.ClassToFetchDetails" name="fetchingPaymentDetails" time="0.138"/>
  <system-out/>
  <testcase classname="fetchPackage.ClassToFetchDetails" name="fetchingPaymentDetails" time="0.179"/>
  <system-out/>
  <testcase classname="fetchPackage.ClassToFetchDetails" name="fetchingPaymentDetails" time="0.122"/>
  <system-out/>
  <testcase classname="fetchPackage.ClassToFetchDetails" name="fetchingPaymentDetails" time="0.110"/>
  <system-out/>
  <testcase classname="fetchPackage.ClassToFetchDetails" name="fetchingPaymentDetails" time="0.120"/>
  <system-out/>
  <testcase classname="fetchPackage.ClassToFetchDetails" name="fetchingPaymentDetails" time="0.116"/>
  <system-out/>
  <testcase classname="fetchPackage.ClassToFetchDetails" name="fetchingPaymentDetails" time="0.112"/>
  <system-out/>
  <testcase classname="fetchPackage.ClassToFetchDetails" name="fetchingPaymentDetails" time="0.114"/>
  <system-out/>
  <testcase classname="fetchPackage.ClassToFetchDetails" name="fetchingPaymentDetails" time="1.130"/>
  <system-out/>
  <testcase classname="fetchPackage.ClassToFetchDetails" name="fetchingPaymentDetails" time="0.216"/>
  <system-out/>
  <testcase classname="fetchPackage.ClassToFetchDetails" name="fetchingPaymentDetails" time="0.109"/>
  <system-out/>
  <testcase classname="fetchPackage.ClassToFetchDetails" name="fetchingPaymentDetails" time="0.119"/>
  <system-out/>
  <testcase classname="fetchPackage.ClassToFetchDetails" name="fetchingPaymentDetails" time="0.128"/>
  <system-out/>
  <testcase classname="fetchPackage.ClassToFetchDetails" name="fetchingPaymentDetails" time="0.102"/>
  <system-out/>
  <testcase classname="fetchPackage.ClassToFetchDetails" name="fetchingPaymentDetails" time="0.107"/>
  <system-out/>
  <testcase classname="fetchPackage.ClassToFetchDetails" name="fetchingPaymentDetails" time="0.117"/>
  <system-out/>
  <testcase classname="fetchPackage.ClassToFetchDetails" name="fetchingPaymentDetails" time="0.132"/>
  <system-out/>
  <testcase classname="fetchPackage.ClassToFetchDetails" name="fetchingPaymentDetails" time="0.117"/>
  <system-out/>
  <testcase classname="fetchPackage.ClassToFetchDetails" name="fetchingPaymentDetails" time="0.100"/>
  <system-out/>
  <testcase classname="fetchPackage.ClassToFetchDetails" name="fetchingPaymentDetails" time="0.111"/>
  <system-out/>
  <testcase classname="fetchPackage.ClassToFetchDetails" name="fetchingPaymentDetails" time="0.106"/>
  <system-out/>
  <testcase classname="fetchPackage.ClassToFetchDetails" name="fetchingPaymentDetails" time="0.097"/>
  <system-out/>
  <testcase classname="fetchPackage.ClassToFetchDetails" name="fetchingPaymentDetails" time="0.157"/>
  <system-out/>
  <testcase classname="fetchPackage.ClassToFetchDetails" name="fetchingPaymentDetails" time="0.096"/>
  <system-out/>
  <testcase classname="fetchPackage.ClassToFetchDetails" name="fetchingPaymentDetails" time="0.098"/>
  <system-out/>
  <testcase classname="fetchPackage.ClassToFetchDetails" name="fetchingPaymentDetails" time="0.223"/>
  <system-out/>
  <testcase classname="fetchPackage.ClassToFetchDetails" name="fetchingPaymentDetails" time="0.096"/>
  <system-out/>
  <testcase classname="fetchPackage.ClassToFetchDetails" name="fetchingPaymentDetails" time="0.133"/>
  <system-out/>
  <testcase classname="fetchPackage.ClassToFetchDetails" name="fetchingPaymentDetails" time="0.089"/>
  <system-out/>
  <testcase classname="fetchPackage.ClassToFetchDetails" name="fetchingPaymentDetails" time="0.141"/>
  <system-out/>
  <testcase classname="fetchPackage.ClassToFetchDetails" name="fetchingPaymentDetails" time="0.126"/>
  <system-out/>
  <testcase classname="fetchPackage.ClassToFetchDetails" name="fetchingPaymentDetails" time="0.111"/>
  <system-out/>
  <testcase classname="fetchPackage.ClassToFetchDetails" name="fetchingPaymentDetails" time="0.103"/>
  <system-out/>
  <testcase classname="fetchPackage.ClassToFetchDetails" name="fetchingPaymentDetails" time="0.086"/>
  <system-out/>
  <testcase classname="fetchPackage.ClassToFetchDetails" name="fetchingPaymentDetails" time="0.128"/>
  <system-out/>
  <testcase classname="fetchPackage.ClassToFetchDetails" name="fetchingPaymentDetails" time="0.116"/>
  <system-out/>
  <testcase classname="fetchPackage.ClassToFetchDetails" name="fetchingPaymentDetails" time="0.141"/>
  <system-out/>
  <testcase classname="fetchPackage.ClassToFetchDetails" name="fetchingPaymentDetails" time="0.204"/>
  <system-out/>
  <testcase classname="fetchPackage.ClassToFetchDetails" name="fetchingPaymentDetails" time="0.088"/>
  <system-out/>
  <testcase classname="fetchPackage.ClassToFetchDetails" name="fetchingPaymentDetails" time="0.128"/>
  <system-out/>
  <testcase classname="fetchPackage.ClassToFetchDetails" name="fetchingPaymentDetails" time="0.120"/>
  <system-out/>
  <testcase classname="fetchPackage.ClassToFetchDetails" name="fetchingPaymentDetails" time="0.120"/>
  <system-out/>
  <testcase classname="fetchPackage.ClassToFetchDetails" name="fetchingPaymentDetails" time="0.161"/>
  <system-out/>
  <testcase classname="fetchPackage.ClassToFetchDetails" name="fetchingPaymentDetails" time="0.150"/>
  <system-out/>
  <testcase classname="fetchPackage.ClassToFetchDetails" name="fetchingPaymentDetails" time="0.134"/>
  <system-out/>
  <testcase classname="fetchPackage.ClassToFetchDetails" name="fetchingPaymentDetails" time="0.164"/>
  <system-out/>
  <testcase classname="fetchPackage.ClassToFetchDetails" name="fetchingPaymentDetails" time="0.128"/>
  <system-out/>
  <testcase classname="fetchPackage.ClassToFetchDetails" name="fetchingPaymentDetails" time="0.126"/>
  <system-out/>
  <testcase classname="fetchPackage.ClassToFetchDetails" name="fetchingPaymentDetails" time="0.166"/>
  <system-out/>
  <testcase classname="fetchPackage.ClassToFetchDetails" name="fetchingPaymentDetails" time="0.155"/>
  <system-out/>
  <testcase classname="fetchPackage.ClassToFetchDetails" name="fetchingPaymentDetails" time="0.093"/>
  <system-out/>
  <testcase classname="fetchPackage.ClassToFetchDetails" name="fetchingPaymentDetails" time="0.095"/>
  <system-out/>
  <testcase classname="fetchPackage.ClassToFetchDetails" name="fetchingPaymentDetails" time="0.188"/>
  <system-out/>
  <testcase classname="fetchPackage.ClassToFetchDetails" name="fetchingPaymentDetails" time="0.101"/>
  <system-out/>
  <testcase classname="fetchPackage.ClassToFetchDetails" name="fetchingPaymentDetails" time="0.152"/>
  <system-out/>
  <testcase classname="fetchPackage.ClassToFetchDetails" name="fetchingPaymentDetails" time="0.101"/>
  <system-out/>
  <testcase classname="fetchPackage.ClassToFetchDetails" name="fetchingPaymentDetails" time="0.100"/>
  <system-out/>
  <testcase classname="fetchPackage.ClassToFetchDetails" name="fetchingPaymentDetails" time="0.184"/>
  <system-out/>
  <testcase classname="fetchPackage.ClassToFetchDetails" name="fetchingPaymentDetails" time="0.233"/>
  <system-out/>
  <testcase classname="fetchPackage.ClassToFetchDetails" name="fetchingPaymentDetails" time="0.110"/>
  <system-out/>
  <testcase classname="fetchPackage.ClassToFetchDetails" name="fetchingPaymentDetails" time="0.097"/>
  <system-out/>
  <testcase classname="fetchPackage.ClassToFetchDetails" name="fetchingPaymentDetails" time="0.101"/>
  <system-out/>
  <testcase classname="fetchPackage.ClassToFetchDetails" name="fetchingPaymentDetails" time="0.111"/>
  <system-out/>
  <testcase classname="fetchPackage.ClassToFetchDetails" name="fetchingPaymentDetails" time="0.139"/>
  <system-out/>
  <testcase classname="fetchPackage.ClassToFetchDetails" name="fetchingPaymentDetails" time="0.098"/>
  <system-out/>
  <testcase classname="fetchPackage.ClassToFetchDetails" name="fetchingPaymentDetails" time="0.102"/>
  <system-out/>
  <testcase classname="fetchPackage.ClassToFetchDetails" name="fetchingPaymentDetails" time="0.151"/>
  <system-out/>
  <testcase classname="fetchPackage.ClassToFetchDetails" name="fetchingPaymentDetails" time="0.117"/>
  <system-out/>
  <testcase classname="fetchPackage.ClassToFetchDetails" name="fetchingPaymentDetails" time="0.180"/>
  <system-out/>
  <testcase classname="fetchPackage.ClassToFetchDetails" name="fetchingPaymentDetails" time="0.095"/>
  <system-out/>
  <testcase classname="fetchPackage.ClassToFetchDetails" name="fetchingPaymentDetails" time="0.132"/>
  <system-out/>
  <testcase classname="fetchPackage.ClassToFetchDetails" name="fetchingPaymentDetails" time="0.107"/>
  <system-out/>
  <testcase classname="fetchPackage.ClassToFetchDetails" name="fetchingPaymentDetails" time="0.113"/>
  <system-out/>
  <testcase classname="fetchPackage.ClassToFetchDetails" name="fetchingPaymentDetails" time="0.135"/>
  <system-out/>
  <testcase classname="fetchPackage.ClassToFetchDetails" name="fetchingPaymentDetails" time="0.101"/>
  <system-out/>
  <testcase classname="fetchPackage.ClassToFetchDetails" name="fetchingPaymentDetails" time="0.091"/>
  <system-out/>
  <testcase classname="fetchPackage.ClassToFetchDetails" name="fetchingPaymentDetails" time="0.119"/>
  <system-out/>
  <testcase classname="fetchPackage.ClassToFetchDetails" name="fetchingPaymentDetails" time="0.145"/>
  <system-out/>
  <testcase classname="fetchPackage.ClassToFetchDetails" name="fetchingPaymentDetails" time="0.175"/>
  <system-out/>
  <testcase classname="fetchPackage.ClassToFetchDetails" name="fetchingPaymentDetails" time="0.112"/>
  <system-out/>
  <testcase classname="fetchPackage.ClassToFetchDetails" name="fetchingPaymentDetails" time="0.118"/>
  <system-out/>
  <testcase classname="fetchPackage.ClassToFetchDetails" name="fetchingPaymentDetails" time="0.119"/>
  <system-out/>
  <testcase classname="fetchPackage.ClassToFetchDetails" name="fetchingPaymentDetails" time="0.132"/>
  <system-out/>
  <testcase classname="fetchPackage.ClassToFetchDetails" name="fetchingPaymentDetails" time="0.106"/>
  <system-out/>
  <testcase classname="fetchPackage.ClassToFetchDetails" name="fetchingPaymentDetails" time="0.101"/>
  <system-out/>
  <testcase classname="fetchPackage.ClassToFetchDetails" name="fetchingPaymentDetails" time="0.101"/>
  <system-out/>
  <testcase classname="fetchPackage.ClassToFetchDetails" name="fetchingPaymentDetails" time="0.117"/>
  <system-out/>
  <testcase classname="fetchPackage.ClassToFetchDetails" name="fetchingPaymentDetails" time="0.131"/>
  <system-out/>
  <testcase classname="fetchPackage.ClassToFetchDetails" name="fetchingPaymentDetails" time="0.195"/>
  <system-out/>
  <testcase classname="fetchPackage.ClassToFetchDetails" name="fetchingPaymentDetails" time="0.105"/>
  <system-out/>
  <testcase classname="fetchPackage.ClassToFetchDetails" name="fetchingPaymentDetails" time="0.127"/>
  <system-out/>
  <testcase classname="fetchPackage.ClassToFetchDetails" name="fetchingPaymentDetails" time="0.132"/>
  <system-out/>
  <testcase classname="fetchPackage.ClassToFetchDetails" name="fetchingPaymentDetails" time="0.145"/>
  <system-out/>
  <testcase classname="fetchPackage.ClassToFetchDetails" name="fetchingPaymentDetails" time="0.120"/>
  <system-out/>
  <testcase classname="fetchPackage.ClassToFetchDetails" name="fetchingPaymentDetails" time="0.122"/>
  <system-out/>
  <testcase classname="fetchPackage.ClassToFetchDetails" name="fetchingPaymentDetails" time="0.113"/>
  <system-out/>
  <testcase classname="fetchPackage.ClassToFetchDetails" name="fetchingPaymentDetails" time="0.092"/>
  <system-out/>
  <testcase classname="fetchPackage.ClassToFetchDetails" name="fetchingPaymentDetails" time="0.102"/>
  <system-out/>
  <testcase classname="fetchPackage.ClassToFetchDetails" name="fetchingPaymentDetails" time="0.086"/>
  <system-out/>
  <testcase classname="fetchPackage.ClassToFetchDetails" name="fetchingPaymentDetails" time="0.087"/>
  <system-out/>
  <testcase classname="fetchPackage.ClassToFetchDetails" name="fetchingPaymentDetails" time="0.159"/>
  <system-out/>
  <testcase classname="fetchPackage.ClassToFetchDetails" name="fetchingPaymentDetails" time="0.159"/>
  <system-out/>
  <testcase classname="fetchPackage.ClassToFetchDetails" name="fetchingPaymentDetails" time="0.107"/>
  <system-out/>
  <testcase classname="fetchPackage.ClassToFetchDetails" name="fetchingPaymentDetails" time="0.097"/>
  <system-out/>
  <testcase classname="fetchPackage.ClassToFetchDetails" name="fetchingPaymentDetails" time="0.126"/>
  <system-out/>
  <testcase classname="fetchPackage.ClassToFetchDetails" name="fetchingPaymentDetails" time="0.105"/>
  <system-out/>
  <testcase classname="fetchPackage.ClassToFetchDetails" name="fetchingPaymentDetails" time="0.105"/>
  <system-out/>
  <testcase classname="fetchPackage.ClassToFetchDetails" name="fetchingPaymentDetails" time="0.096"/>
  <system-out/>
  <testcase classname="fetchPackage.ClassToFetchDetails" name="fetchingPaymentDetails" time="0.116"/>
  <system-out/>
  <testcase classname="fetchPackage.ClassToFetchDetails" name="fetchingPaymentDetails" time="0.133"/>
  <system-out/>
  <testcase classname="fetchPackage.ClassToFetchDetails" name="fetchingPaymentDetails" time="0.179"/>
  <system-out/>
  <testcase classname="fetchPackage.ClassToFetchDetails" name="fetchingPaymentDetails" time="0.095"/>
  <system-out/>
  <testcase classname="fetchPackage.ClassToFetchDetails" name="fetchingPaymentDetails" time="0.144"/>
  <system-out/>
  <testcase classname="fetchPackage.ClassToFetchDetails" name="fetchingPaymentDetails" time="0.141"/>
  <system-out/>
  <testcase classname="fetchPackage.ClassToFetchDetails" name="fetchingPaymentDetails" time="0.111"/>
  <system-out/>
  <testcase classname="fetchPackage.ClassToFetchDetails" name="fetchingPaymentDetails" time="0.164"/>
  <system-out/>
  <testcase classname="fetchPackage.ClassToFetchDetails" name="fetchingPaymentDetails" time="0.137"/>
  <system-out/>
  <testcase classname="fetchPackage.ClassToFetchDetails" name="fetchingPaymentDetails" time="0.162"/>
  <system-out/>
  <testcase classname="fetchPackage.ClassToFetchDetails" name="fetchingPaymentDetails" time="0.167"/>
  <system-out/>
  <testcase classname="fetchPackage.ClassToFetchDetails" name="fetchingPaymentDetails" time="0.102"/>
  <system-out/>
  <testcase classname="fetchPackage.ClassToFetchDetails" name="fetchingPaymentDetails" time="0.143"/>
  <system-out/>
  <testcase classname="fetchPackage.ClassToFetchDetails" name="fetchingPaymentDetails" time="0.192"/>
  <system-out/>
  <testcase classname="fetchPackage.ClassToFetchDetails" name="fetchingPaymentDetails" time="0.140"/>
  <system-out/>
  <testcase classname="fetchPackage.ClassToFetchDetails" name="fetchingPaymentDetails" time="0.114"/>
  <system-out/>
  <testcase classname="fetchPackage.ClassToFetchDetails" name="fetchingPaymentDetails" time="0.109"/>
  <system-out/>
  <testcase classname="fetchPackage.ClassToFetchDetails" name="fetchingPaymentDetails" time="0.091"/>
  <system-out/>
  <testcase classname="fetchPackage.ClassToFetchDetails" name="fetchingPaymentDetails" time="0.109"/>
  <system-out/>
  <testcase classname="fetchPackage.ClassToFetchDetails" name="fetchingPaymentDetails" time="0.085"/>
  <system-out/>
  <testcase classname="fetchPackage.ClassToFetchDetails" name="fetchingPaymentDetails" time="0.122"/>
  <system-out/>
  <testcase classname="fetchPackage.ClassToFetchDetails" name="fetchingPaymentDetails" time="0.108"/>
  <system-out/>
  <testcase classname="fetchPackage.ClassToFetchDetails" name="fetchingPaymentDetails" time="0.162"/>
  <system-out/>
  <testcase classname="fetchPackage.ClassToFetchDetails" name="fetchingPaymentDetails" time="0.099"/>
  <system-out/>
  <testcase classname="fetchPackage.ClassToFetchDetails" name="fetchingPaymentDetails" time="0.135"/>
  <system-out/>
  <testcase classname="fetchPackage.ClassToFetchDetails" name="fetchingPaymentDetails" time="0.104"/>
  <system-out/>
  <testcase classname="fetchPackage.ClassToFetchDetails" name="fetchingPaymentDetails" time="0.128"/>
  <system-out/>
  <testcase classname="fetchPackage.ClassToFetchDetails" name="fetchingPaymentDetails" time="0.128"/>
  <system-out/>
  <testcase classname="fetchPackage.ClassToFetchDetails" name="fetchingPaymentDetails" time="0.147"/>
  <system-out/>
  <testcase classname="fetchPackage.ClassToFetchDetails" name="fetchingPaymentDetails" time="0.166"/>
  <system-out/>
  <testcase classname="fetchPackage.ClassToFetchDetails" name="fetchingPaymentDetails" time="0.089"/>
  <system-out/>
  <testcase classname="fetchPackage.ClassToFetchDetails" name="fetchingPaymentDetails" time="0.119"/>
  <system-out/>
  <testcase classname="fetchPackage.ClassToFetchDetails" name="fetchingPaymentDetails" time="0.203"/>
  <system-out/>
  <testcase classname="fetchPackage.ClassToFetchDetails" name="fetchingPaymentDetails" time="0.110"/>
  <system-out/>
  <testcase classname="fetchPackage.ClassToFetchDetails" name="fetchingPaymentDetails" time="0.137"/>
  <system-out/>
  <testcase classname="fetchPackage.ClassToFetchDetails" name="fetchingPaymentDetails" time="0.159"/>
  <system-out/>
  <testcase classname="fetchPackage.ClassToFetchDetails" name="fetchingPaymentDetails" time="0.170"/>
  <system-out/>
  <testcase classname="fetchPackage.ClassToFetchDetails" name="fetchingPaymentDetails" time="0.120"/>
  <system-out/>
  <testcase classname="fetchPackage.ClassToFetchDetails" name="fetchingPaymentDetails" time="0.108"/>
  <system-out/>
  <testcase classname="fetchPackage.ClassToFetchDetails" name="fetchingPaymentDetails" time="0.107"/>
  <system-out/>
  <testcase classname="fetchPackage.ClassToFetchDetails" name="fetchingPaymentDetails" time="0.142"/>
  <system-out/>
  <testcase classname="fetchPackage.ClassToFetchDetails" name="fetchingPaymentDetails" time="0.127"/>
  <system-out/>
  <testcase classname="fetchPackage.ClassToFetchDetails" name="fetchingPaymentDetails" time="0.142"/>
  <system-out/>
  <testcase classname="fetchPackage.ClassToFetchDetails" name="fetchingPaymentDetails" time="0.094"/>
  <system-out/>
  <testcase classname="fetchPackage.ClassToFetchDetails" name="fetchingPaymentDetails" time="0.126"/>
  <system-out/>
  <testcase classname="fetchPackage.ClassToFetchDetails" name="fetchingPaymentDetails" time="0.135"/>
  <system-out/>
  <testcase classname="fetchPackage.ClassToFetchDetails" name="fetchingPaymentDetails" time="0.189"/>
  <system-out/>
  <testcase classname="fetchPackage.ClassToFetchDetails" name="fetchingPaymentDetails" time="0.148"/>
  <system-out/>
  <testcase classname="fetchPackage.ClassToFetchDetails" name="fetchingPaymentDetails" time="0.117"/>
  <system-out/>
  <testcase classname="fetchPackage.ClassToFetchDetails" name="fetchingPaymentDetails" time="0.126"/>
  <system-out/>
  <testcase classname="fetchPackage.ClassToFetchDetails" name="fetchingPaymentDetails" time="0.129"/>
  <system-out/>
  <testcase classname="fetchPackage.ClassToFetchDetails" name="fetchingPaymentDetails" time="0.102"/>
  <system-out/>
  <testcase classname="fetchPackage.ClassToFetchDetails" name="fetchingPaymentDetails" time="0.113"/>
  <system-out/>
  <testcase classname="fetchPackage.ClassToFetchDetails" name="fetchingPaymentDetails" time="0.772"/>
  <system-out/>
  <testcase classname="fetchPackage.ClassToFetchDetails" name="fetchingPaymentDetails" time="0.108"/>
  <system-out/>
  <testcase classname="fetchPackage.ClassToFetchDetails" name="fetchingPaymentDetails" time="0.107"/>
  <system-out/>
  <testcase classname="fetchPackage.ClassToFetchDetails" name="fetchingPaymentDetails" time="0.125"/>
  <system-out/>
  <testcase classname="fetchPackage.ClassToFetchDetails" name="fetchingPaymentDetails" time="0.191"/>
  <system-out/>
  <testcase classname="fetchPackage.ClassToFetchDetails" name="fetchingPaymentDetails" time="0.147"/>
  <system-out/>
  <testcase classname="fetchPackage.ClassToFetchDetails" name="fetchingPaymentDetails" time="0.147"/>
  <system-out/>
  <testcase classname="fetchPackage.ClassToFetchDetails" name="fetchingPaymentDetails" time="0.108"/>
  <system-out/>
  <testcase classname="fetchPackage.ClassToFetchDetails" name="fetchingPaymentDetails" time="0.094"/>
  <system-out/>
  <testcase classname="fetchPackage.ClassToFetchDetails" name="fetchingPaymentDetails" time="0.129"/>
  <system-out/>
  <testcase classname="fetchPackage.ClassToFetchDetails" name="fetchingPaymentDetails" time="0.115"/>
  <system-out/>
  <testcase classname="fetchPackage.ClassToFetchDetails" name="fetchingPaymentDetails" time="0.209"/>
  <system-out/>
  <testcase classname="fetchPackage.ClassToFetchDetails" name="fetchingPaymentDetails" time="0.117"/>
  <system-out/>
  <testcase classname="fetchPackage.ClassToFetchDetails" name="fetchingPaymentDetails" time="0.108"/>
  <system-out/>
  <testcase classname="fetchPackage.ClassToFetchDetails" name="fetchingPaymentDetails" time="0.126"/>
  <system-out/>
  <testcase classname="fetchPackage.ClassToFetchDetails" name="fetchingPaymentDetails" time="0.134"/>
  <system-out/>
  <testcase classname="fetchPackage.ClassToFetchDetails" name="fetchingPaymentDetails" time="0.155"/>
  <system-out/>
  <testcase classname="fetchPackage.ClassToFetchDetails" name="fetchingPaymentDetails" time="0.211"/>
  <system-out/>
  <testcase classname="fetchPackage.ClassToFetchDetails" name="fetchingPaymentDetails" time="0.113"/>
  <system-out/>
  <testcase classname="fetchPackage.ClassToFetchDetails" name="fetchingPaymentDetails" time="0.099"/>
  <system-out/>
  <testcase classname="fetchPackage.ClassToFetchDetails" name="fetchingPaymentDetails" time="0.135"/>
  <system-out/>
  <testcase classname="fetchPackage.ClassToFetchDetails" name="fetchingPaymentDetails" time="0.108"/>
  <system-out/>
  <testcase classname="fetchPackage.ClassToFetchDetails" name="fetchingPaymentDetails" time="0.139"/>
  <system-out/>
  <testcase classname="fetchPackage.ClassToFetchDetails" name="fetchingPaymentDetails" time="0.094"/>
  <system-out/>
  <testcase classname="fetchPackage.ClassToFetchDetails" name="fetchingPaymentDetails" time="0.158"/>
  <system-out/>
  <testcase classname="fetchPackage.ClassToFetchDetails" name="fetchingPaymentDetails" time="0.120"/>
  <system-out/>
  <testcase classname="fetchPackage.ClassToFetchDetails" name="fetchingPaymentDetails" time="0.186"/>
  <system-out/>
  <testcase classname="fetchPackage.ClassToFetchDetails" name="fetchingPaymentDetails" time="0.211"/>
  <system-out/>
  <testcase classname="fetchPackage.ClassToFetchDetails" name="fetchingPaymentDetails" time="0.132"/>
  <system-out/>
  <testcase classname="fetchPackage.ClassToFetchDetails" name="fetchingPaymentDetails" time="0.158"/>
  <system-out/>
  <testcase classname="fetchPackage.ClassToFetchDetails" name="fetchingPaymentDetails" time="0.094"/>
  <system-out/>
  <testcase classname="fetchPackage.ClassToFetchDetails" name="fetchingPaymentDetails" time="0.124"/>
  <system-out/>
  <testcase classname="fetchPackage.ClassToFetchDetails" name="fetchingPaymentDetails" time="0.175"/>
  <system-out/>
  <testcase classname="fetchPackage.ClassToFetchDetails" name="fetchingPaymentDetails" time="0.123"/>
  <system-out/>
  <testcase classname="fetchPackage.ClassToFetchDetails" name="fetchingPaymentDetails" time="0.116"/>
  <system-out/>
  <testcase classname="fetchPackage.ClassToFetchDetails" name="fetchingPaymentDetails" time="0.108"/>
  <system-out/>
  <testcase classname="fetchPackage.ClassToFetchDetails" name="fetchingPaymentDetails" time="0.170"/>
  <system-out/>
  <testcase classname="fetchPackage.ClassToFetchDetails" name="fetchingPaymentDetails" time="0.161"/>
  <system-out/>
  <testcase classname="fetchPackage.ClassToFetchDetails" name="fetchingPaymentDetails" time="0.161"/>
  <system-out/>
  <testcase classname="fetchPackage.ClassToFetchDetails" name="fetchingPaymentDetails" time="0.156"/>
  <system-out/>
  <testcase classname="fetchPackage.ClassToFetchDetails" name="fetchingPaymentDetails" time="0.123"/>
  <system-out/>
  <testcase classname="fetchPackage.ClassToFetchDetails" name="fetchingPaymentDetails" time="0.153"/>
  <system-out/>
  <testcase classname="fetchPackage.ClassToFetchDetails" name="fetchingPaymentDetails" time="0.232"/>
  <system-out/>
  <testcase classname="fetchPackage.ClassToFetchDetails" name="fetchingPaymentDetails" time="0.147"/>
  <system-out/>
  <testcase classname="fetchPackage.ClassToFetchDetails" name="fetchingPaymentDetails" time="0.135"/>
  <system-out/>
  <testcase classname="fetchPackage.ClassToFetchDetails" name="fetchingPaymentDetails" time="0.092"/>
  <system-out/>
  <testcase classname="fetchPackage.ClassToFetchDetails" name="fetchingPaymentDetails" time="0.099"/>
  <system-out/>
  <testcase classname="fetchPackage.ClassToFetchDetails" name="fetchingPaymentDetails" time="0.125"/>
  <system-out/>
  <testcase classname="fetchPackage.ClassToFetchDetails" name="fetchingPaymentDetails" time="0.128"/>
  <system-out/>
  <testcase classname="fetchPackage.ClassToFetchDetails" name="fetchingPaymentDetails" time="0.116"/>
  <system-out/>
  <testcase classname="fetchPackage.ClassToFetchDetails" name="fetchingPaymentDetails" time="0.160"/>
  <system-out/>
  <testcase classname="fetchPackage.ClassToFetchDetails" name="fetchingPaymentDetails" time="0.199"/>
  <system-out/>
  <testcase classname="fetchPackage.ClassToFetchDetails" name="fetchingPaymentDetails" time="0.110"/>
  <system-out/>
  <testcase classname="fetchPackage.ClassToFetchDetails" name="fetchingPaymentDetails" time="0.114"/>
  <system-out/>
  <testcase classname="fetchPackage.ClassToFetchDetails" name="fetchingPaymentDetails" time="0.091"/>
  <system-out/>
  <testcase classname="fetchPackage.ClassToFetchDetails" name="fetchingPaymentDetails" time="0.127"/>
  <system-out/>
  <testcase classname="fetchPackage.ClassToFetchDetails" name="fetchingPaymentDetails" time="0.102"/>
  <system-out/>
  <testcase classname="fetchPackage.ClassToFetchDetails" name="fetchingPaymentDetails" time="0.119"/>
  <system-out/>
  <testcase classname="fetchPackage.ClassToFetchDetails" name="fetchingPaymentDetails" time="0.163"/>
  <system-out/>
  <testcase classname="fetchPackage.ClassToFetchDetails" name="fetchingPaymentDetails" time="0.150"/>
  <system-out/>
  <testcase classname="fetchPackage.ClassToFetchDetails" name="fetchingPaymentDetails" time="0.131"/>
  <system-out/>
  <testcase classname="fetchPackage.ClassToFetchDetails" name="fetchingPaymentDetails" time="0.108"/>
  <system-out/>
  <testcase classname="fetchPackage.ClassToFetchDetails" name="fetchingPaymentDetails" time="0.107"/>
  <system-out/>
  <testcase classname="fetchPackage.ClassToFetchDetails" name="fetchingPaymentDetails" time="0.132"/>
  <system-out/>
  <testcase classname="fetchPackage.ClassToFetchDetails" name="fetchingPaymentDetails" time="0.158"/>
  <system-out/>
  <testcase classname="fetchPackage.ClassToFetchDetails" name="fetchingPaymentDetails" time="0.162"/>
  <system-out/>
  <testcase classname="fetchPackage.ClassToFetchDetails" name="fetchingPaymentDetails" time="0.115"/>
  <system-out/>
  <testcase classname="fetchPackage.ClassToFetchDetails" name="fetchingPaymentDetails" time="0.134"/>
  <system-out/>
  <testcase classname="fetchPackage.ClassToFetchDetails" name="fetchingPaymentDetails" time="0.092"/>
  <system-out/>
  <testcase classname="fetchPackage.ClassToFetchDetails" name="fetchingPaymentDetails" time="0.111"/>
  <system-out/>
  <testcase classname="fetchPackage.ClassToFetchDetails" name="fetchingPaymentDetails" time="0.107"/>
  <system-out/>
  <testcase classname="fetchPackage.ClassToFetchDetails" name="fetchingPaymentDetails" time="0.182"/>
  <system-out/>
  <testcase classname="fetchPackage.ClassToFetchDetails" name="fetchingPaymentDetails" time="0.117"/>
  <system-out/>
  <testcase classname="fetchPackage.ClassToFetchDetails" name="fetchingPaymentDetails" time="0.103"/>
  <system-out/>
  <testcase classname="fetchPackage.ClassToFetchDetails" name="fetchingPaymentDetails" time="0.119"/>
  <system-out/>
  <testcase classname="fetchPackage.ClassToFetchDetails" name="fetchingPaymentDetails" time="0.140"/>
  <system-out/>
  <testcase classname="fetchPackage.ClassToFetchDetails" name="fetchingPaymentDetails" time="0.179"/>
  <system-out/>
  <testcase classname="fetchPackage.ClassToFetchDetails" name="fetchingPaymentDetails" time="0.135"/>
  <system-out/>
  <testcase classname="fetchPackage.ClassToFetchDetails" name="fetchingPaymentDetails" time="0.098"/>
  <system-out/>
  <testcase classname="fetchPackage.ClassToFetchDetails" name="fetchingPaymentDetails" time="0.103"/>
  <system-out/>
  <testcase classname="fetchPackage.ClassToFetchDetails" name="fetchingPaymentDetails" time="0.099"/>
  <system-out/>
  <testcase classname="fetchPackage.ClassToFetchDetails" name="fetchingPaymentDetails" time="0.138"/>
  <system-out/>
  <testcase classname="fetchPackage.ClassToFetchDetails" name="fetchingPaymentDetails" time="0.154"/>
  <system-out/>
  <testcase classname="fetchPackage.ClassToFetchDetails" name="fetchingPaymentDetails" time="0.096"/>
  <system-out/>
  <testcase classname="fetchPackage.ClassToFetchDetails" name="fetchingPaymentDetails" time="0.109"/>
  <system-out/>
  <testcase classname="fetchPackage.ClassToFetchDetails" name="fetchingPaymentDetails" time="0.144"/>
  <system-out/>
  <testcase classname="fetchPackage.ClassToFetchDetails" name="fetchingPaymentDetails" time="0.191"/>
  <system-out/>
  <testcase classname="fetchPackage.ClassToFetchDetails" name="fetchingPaymentDetails" time="0.096"/>
  <system-out/>
  <testcase classname="fetchPackage.ClassToFetchDetails" name="fetchingPaymentDetails" time="0.110"/>
  <system-out/>
  <testcase classname="fetchPackage.ClassToFetchDetails" name="fetchingPaymentDetails" time="0.105"/>
  <system-out/>
  <testcase classname="fetchPackage.ClassToFetchDetails" name="fetchingPaymentDetails" time="0.142"/>
  <system-out/>
  <testcase classname="fetchPackage.ClassToFetchDetails" name="fetchingPaymentDetails" time="0.142"/>
  <system-out/>
  <testcase classname="fetchPackage.ClassToFetchDetails" name="fetchingPaymentDetails" time="0.155"/>
  <system-out/>
  <testcase classname="fetchPackage.ClassToFetchDetails" name="fetchingPaymentDetails" time="0.204"/>
  <system-out/>
  <testcase classname="fetchPackage.ClassToFetchDetails" name="fetchingPaymentDetails" time="0.101"/>
  <system-out/>
  <testcase classname="fetchPackage.ClassToFetchDetails" name="fetchingPaymentDetails" time="0.135"/>
  <system-out/>
  <testcase classname="fetchPackage.ClassToFetchDetails" name="fetchingPaymentDetails" time="0.102"/>
  <system-out/>
  <testcase classname="fetchPackage.ClassToFetchDetails" name="fetchingPaymentDetails" time="0.151"/>
  <system-out/>
  <testcase classname="fetchPackage.ClassToFetchDetails" name="fetchingPaymentDetails" time="0.096"/>
  <system-out/>
  <testcase classname="fetchPackage.ClassToFetchDetails" name="fetchingPaymentDetails" time="0.098"/>
  <system-out/>
  <testcase classname="fetchPackage.ClassToFetchDetails" name="fetchingPaymentDetails" time="0.118"/>
  <system-out/>
  <testcase classname="fetchPackage.ClassToFetchDetails" name="fetchingPaymentDetails" time="0.126"/>
  <system-out/>
  <testcase classname="fetchPackage.ClassToFetchDetails" name="fetchingPaymentDetails" time="0.264"/>
  <system-out/>
  <testcase classname="fetchPackage.ClassToFetchDetails" name="fetchingPaymentDetails" time="0.113"/>
  <system-out/>
  <testcase classname="fetchPackage.ClassToFetchDetails" name="fetchingPaymentDetails" time="0.111"/>
  <system-out/>
  <testcase classname="fetchPackage.ClassToFetchDetails" name="fetchingPaymentDetails" time="0.097"/>
  <system-out/>
  <testcase classname="fetchPackage.ClassToFetchDetails" name="fetchingPaymentDetails" time="0.141"/>
  <system-out/>
  <testcase classname="fetchPackage.ClassToFetchDetails" name="fetchingPaymentDetails" time="0.117"/>
  <system-out/>
  <testcase classname="fetchPackage.ClassToFetchDetails" name="fetchingPaymentDetails" time="0.144"/>
  <system-out/>
  <testcase classname="fetchPackage.ClassToFetchDetails" name="fetchingPaymentDetails" time="0.107"/>
  <system-out/>
  <testcase classname="fetchPackage.ClassToFetchDetails" name="fetchingPaymentDetails" time="0.120"/>
  <system-out/>
  <testcase classname="fetchPackage.ClassToFetchDetails" name="fetchingPaymentDetails" time="0.192"/>
  <system-out/>
  <testcase classname="fetchPackage.ClassToFetchDetails" name="fetchingPaymentDetails" time="0.121"/>
  <system-out/>
  <testcase classname="fetchPackage.ClassToFetchDetails" name="fetchingPaymentDetails" time="0.119"/>
  <system-out/>
  <testcase classname="fetchPackage.ClassToFetchDetails" name="fetchingPaymentDetails" time="0.129"/>
  <system-out/>
  <testcase classname="fetchPackage.ClassToFetchDetails" name="fetchingPaymentDetails" time="0.120"/>
  <system-out/>
  <testcase classname="fetchPackage.ClassToFetchDetails" name="fetchingPaymentDetails" time="0.117"/>
  <system-out/>
  <testcase classname="fetchPackage.ClassToFetchDetails" name="fetchingPaymentDetails" time="0.144"/>
  <system-out/>
  <testcase classname="fetchPackage.ClassToFetchDetails" name="fetchingPaymentDetails" time="0.101"/>
  <system-out/>
  <testcase classname="fetchPackage.ClassToFetchDetails" name="fetchingPaymentDetails" time="0.105"/>
  <system-out/>
  <testcase classname="fetchPackage.ClassToFetchDetails" name="fetchingPaymentDetails" time="0.099"/>
  <system-out/>
  <testcase classname="fetchPackage.ClassToFetchDetails" name="fetchingPaymentDetails" time="0.103"/>
  <system-out/>
  <testcase classname="fetchPackage.ClassToFetchDetails" name="fetchingPaymentDetails" time="0.118"/>
  <system-out/>
  <testcase classname="fetchPackage.ClassToFetchDetails" name="fetchingPaymentDetails" time="0.174"/>
  <system-out/>
  <testcase classname="fetchPackage.ClassToFetchDetails" name="fetchingPaymentDetails" time="0.108"/>
  <system-out/>
  <testcase classname="fetchPackage.ClassToFetchDetails" name="fetchingPaymentDetails" time="0.109"/>
  <system-out/>
  <testcase classname="fetchPackage.ClassToFetchDetails" name="fetchingPaymentDetails" time="0.115"/>
  <system-out/>
  <testcase classname="fetchPackage.ClassToFetchDetails" name="fetchingPaymentDetails" time="0.102"/>
  <system-out/>
  <testcase classname="fetchPackage.ClassToFetchDetails" name="fetchingPaymentDetails" time="0.121"/>
  <system-out/>
  <testcase classname="fetchPackage.ClassToFetchDetails" name="fetchingPaymentDetails" time="0.181"/>
  <system-out/>
  <testcase classname="fetchPackage.ClassToFetchDetails" name="fetchingPaymentDetails" time="0.147"/>
  <system-out/>
  <testcase classname="fetchPackage.ClassToFetchDetails" name="fetchingPaymentDetails" time="0.123"/>
  <system-out/>
  <testcase classname="fetchPackage.ClassToFetchDetails" name="fetchingPaymentDetails" time="0.108"/>
  <system-out/>
  <testcase classname="fetchPackage.ClassToFetchDetails" name="fetchingPaymentDetails" time="0.139"/>
  <system-out/>
  <testcase classname="fetchPackage.ClassToFetchDetails" name="fetchingPaymentDetails" time="0.119"/>
  <system-out/>
  <testcase classname="fetchPackage.ClassToFetchDetails" name="fetchingPaymentDetails" time="0.141"/>
  <system-out/>
  <testcase classname="fetchPackage.ClassToFetchDetails" name="fetchingPaymentDetails" time="0.153"/>
  <system-out/>
  <testcase classname="fetchPackage.ClassToFetchDetails" name="fetchingPaymentDetails" time="0.119"/>
  <system-out/>
  <testcase classname="fetchPackage.ClassToFetchDetails" name="fetchingPaymentDetails" time="0.120"/>
  <system-out/>
  <testcase classname="fetchPackage.ClassToFetchDetails" name="fetchingPaymentDetails" time="0.311"/>
  <system-out/>
  <testcase classname="fetchPackage.ClassToFetchDetails" name="fetchingPaymentDetails" time="0.096"/>
  <system-out/>
  <testcase classname="fetchPackage.ClassToFetchDetails" name="fetchingPaymentDetails" time="0.119"/>
  <system-out/>
  <testcase classname="fetchPackage.ClassToFetchDetails" name="fetchingPaymentDetails" time="0.110"/>
  <system-out/>
  <testcase classname="fetchPackage.ClassToFetchDetails" name="fetchingPaymentDetails" time="0.138"/>
  <system-out/>
  <testcase classname="fetchPackage.ClassToFetchDetails" name="fetchingPaymentDetails" time="0.092"/>
  <system-out/>
  <testcase classname="fetchPackage.ClassToFetchDetails" name="fetchingPaymentDetails" time="0.181"/>
  <system-out/>
  <testcase classname="fetchPackage.ClassToFetchDetails" name="fetchingPaymentDetails" time="0.168"/>
  <system-out/>
  <testcase classname="fetchPackage.ClassToFetchDetails" name="fetchingPaymentDetails" time="0.102"/>
  <system-out/>
  <testcase classname="fetchPackage.ClassToFetchDetails" name="fetchingPaymentDetails" time="0.153"/>
  <system-out/>
  <testcase classname="fetchPackage.ClassToFetchDetails" name="fetchingPaymentDetails" time="0.135"/>
  <system-out/>
  <testcase classname="fetchPackage.ClassToFetchDetails" name="fetchingPaymentDetails" time="0.112"/>
  <system-out/>
  <testcase classname="fetchPackage.ClassToFetchDetails" name="fetchingPaymentDetails" time="0.093"/>
  <system-out/>
  <testcase classname="fetchPackage.ClassToFetchDetails" name="fetchingPaymentDetails" time="0.126"/>
  <system-out/>
  <testcase classname="fetchPackage.ClassToFetchDetails" name="fetchingPaymentDetails" time="0.129"/>
  <system-out/>
  <testcase classname="fetchPackage.ClassToFetchDetails" name="fetchingPaymentDetails" time="0.142"/>
  <system-out/>
  <testcase classname="fetchPackage.ClassToFetchDetails" name="fetchingPaymentDetails" time="0.119"/>
  <system-out/>
  <testcase classname="fetchPackage.ClassToFetchDetails" name="fetchingPaymentDetails" time="0.093"/>
  <system-out/>
  <testcase classname="fetchPackage.ClassToFetchDetails" name="fetchingPaymentDetails" time="0.138"/>
  <system-out/>
  <testcase classname="fetchPackage.ClassToFetchDetails" name="fetchingPaymentDetails" time="0.093"/>
  <system-out/>
  <testcase classname="fetchPackage.ClassToFetchDetails" name="fetchingPaymentDetails" time="0.106"/>
  <system-out/>
  <testcase classname="fetchPackage.ClassToFetchDetails" name="fetchingPaymentDetails" time="0.146"/>
  <system-out/>
  <testcase classname="fetchPackage.ClassToFetchDetails" name="fetchingPaymentDetails" time="0.115"/>
  <system-out/>
  <testcase classname="fetchPackage.ClassToFetchDetails" name="fetchingPaymentDetails" time="0.124"/>
  <system-out/>
  <testcase classname="fetchPackage.ClassToFetchDetails" name="fetchingPaymentDetails" time="0.102"/>
  <system-out/>
  <testcase classname="fetchPackage.ClassToFetchDetails" name="fetchingPaymentDetails" time="0.139"/>
  <system-out/>
  <testcase classname="fetchPackage.ClassToFetchDetails" name="fetchingPaymentDetails" time="0.113"/>
  <system-out/>
  <testcase classname="fetchPackage.ClassToFetchDetails" name="fetchingPaymentDetails" time="0.148"/>
  <system-out/>
  <testcase classname="fetchPackage.ClassToFetchDetails" name="fetchingPaymentDetails" time="0.148"/>
  <system-out/>
  <testcase classname="fetchPackage.ClassToFetchDetails" name="fetchingPaymentDetails" time="0.117"/>
  <system-out/>
  <testcase classname="fetchPackage.ClassToFetchDetails" name="fetchingPaymentDetails" time="0.117"/>
  <system-out/>
  <testcase classname="fetchPackage.ClassToFetchDetails" name="fetchingPaymentDetails" time="0.129"/>
  <system-out/>
  <testcase classname="fetchPackage.ClassToFetchDetails" name="fetchingPaymentDetails" time="0.105"/>
  <system-out/>
  <testcase classname="fetchPackage.ClassToFetchDetails" name="fetchingPaymentDetails" time="0.155"/>
  <system-out/>
  <testcase classname="fetchPackage.ClassToFetchDetails" name="fetchingPaymentDetails" time="0.174"/>
  <system-out/>
  <testcase classname="fetchPackage.ClassToFetchDetails" name="fetchingPaymentDetails" time="0.165"/>
  <system-out/>
  <testcase classname="fetchPackage.ClassToFetchDetails" name="fetchingPaymentDetails" time="0.119"/>
  <system-out/>
  <testcase classname="fetchPackage.ClassToFetchDetails" name="fetchingPaymentDetails" time="0.127"/>
  <system-out/>
  <testcase classname="fetchPackage.ClassToFetchDetails" name="fetchingPaymentDetails" time="0.257"/>
  <system-out/>
  <testcase classname="fetchPackage.ClassToFetchDetails" name="fetchingPaymentDetails" time="0.120"/>
  <system-out/>
  <testcase classname="fetchPackage.ClassToFetchDetails" name="fetchingPaymentDetails" time="0.108"/>
  <system-out/>
  <testcase classname="fetchPackage.ClassToFetchDetails" name="fetchingPaymentDetails" time="0.104"/>
  <system-out/>
  <testcase classname="fetchPackage.ClassToFetchDetails" name="fetchingPaymentDetails" time="0.104"/>
  <system-out/>
  <testcase classname="fetchPackage.ClassToFetchDetails" name="fetchingPaymentDetails" time="0.135"/>
  <system-out/>
  <testcase classname="fetchPackage.ClassToFetchDetails" name="fetchingPaymentDetails" time="0.109"/>
  <system-out/>
  <testcase classname="fetchPackage.ClassToFetchDetails" name="fetchingPaymentDetails" time="0.221"/>
  <system-out/>
  <testcase classname="fetchPackage.ClassToFetchDetails" name="fetchingPaymentDetails" time="0.186"/>
  <system-out/>
  <testcase classname="fetchPackage.ClassToFetchDetails" name="fetchingPaymentDetails" time="0.126"/>
  <system-out/>
  <testcase classname="fetchPackage.ClassToFetchDetails" name="fetchingPaymentDetails" time="0.168"/>
  <system-out/>
  <testcase classname="fetchPackage.ClassToFetchDetails" name="fetchingPaymentDetails" time="0.132"/>
  <system-out/>
  <testcase classname="fetchPackage.ClassToFetchDetails" name="fetchingPaymentDetails" time="0.134"/>
  <system-out/>
  <testcase classname="fetchPackage.ClassToFetchDetails" name="fetchingPaymentDetails" time="0.099"/>
  <system-out/>
  <testcase classname="fetchPackage.ClassToFetchDetails" name="fetchingPaymentDetails" time="0.088"/>
  <system-out/>
  <testcase classname="fetchPackage.ClassToFetchDetails" name="fetchingPaymentDetails" time="0.132"/>
  <system-out/>
  <testcase classname="fetchPackage.ClassToFetchDetails" name="fetchingPaymentDetails" time="0.146"/>
  <system-out/>
  <testcase classname="fetchPackage.ClassToFetchDetails" name="fetchingPaymentDetails" time="0.106"/>
  <system-out/>
  <testcase classname="fetchPackage.ClassToFetchDetails" name="fetchingPaymentDetails" time="0.104"/>
  <system-out/>
  <testcase classname="fetchPackage.ClassToFetchDetails" name="fetchingPaymentDetails" time="0.158"/>
  <system-out/>
  <testcase classname="fetchPackage.ClassToFetchDetails" name="fetchingPaymentDetails" time="0.093"/>
  <system-out/>
  <testcase classname="fetchPackage.ClassToFetchDetails" name="fetchingPaymentDetails" time="0.122"/>
  <system-out/>
  <testcase classname="fetchPackage.ClassToFetchDetails" name="fetchingPaymentDetails" time="0.099"/>
  <system-out/>
  <testcase classname="fetchPackage.ClassToFetchDetails" name="fetchingPaymentDetails" time="0.121"/>
  <system-out/>
  <testcase classname="fetchPackage.ClassToFetchDetails" name="fetchingPaymentDetails" time="0.108"/>
  <system-out/>
  <testcase classname="fetchPackage.ClassToFetchDetails" name="fetchingPaymentDetails" time="0.099"/>
  <system-out/>
  <testcase classname="fetchPackage.ClassToFetchDetails" name="fetchingPaymentDetails" time="0.168"/>
  <system-out/>
  <testcase classname="fetchPackage.ClassToFetchDetails" name="fetchingPaymentDetails" time="0.110"/>
  <system-out/>
  <testcase classname="fetchPackage.ClassToFetchDetails" name="fetchingPaymentDetails" time="0.150"/>
  <system-out/>
  <testcase classname="fetchPackage.ClassToFetchDetails" name="fetchingPaymentDetails" time="0.198"/>
  <system-out/>
  <testcase classname="fetchPackage.ClassToFetchDetails" name="fetchingPaymentDetails" time="0.109"/>
  <system-out/>
  <testcase classname="fetchPackage.ClassToFetchDetails" name="fetchingPaymentDetails" time="0.114"/>
  <system-out/>
  <testcase classname="fetchPackage.ClassToFetchDetails" name="fetchingPaymentDetails" time="0.142"/>
  <system-out/>
  <testcase classname="fetchPackage.ClassToFetchDetails" name="fetchingPaymentDetails" time="0.166"/>
  <system-out/>
  <testcase classname="fetchPackage.ClassToFetchDetails" name="fetchingPaymentDetails" time="0.174"/>
  <system-out/>
  <testcase classname="fetchPackage.ClassToFetchDetails" name="fetchingPaymentDetails" time="0.093"/>
  <system-out/>
  <testcase classname="fetchPackage.ClassToFetchDetails" name="fetchingPaymentDetails" time="0.100"/>
  <system-out/>
  <testcase classname="fetchPackage.ClassToFetchDetails" name="fetchingPaymentDetails" time="0.187"/>
  <system-out/>
  <testcase classname="fetchPackage.ClassToFetchDetails" name="fetchingPaymentDetails" time="0.162"/>
  <system-out/>
  <testcase classname="fetchPackage.ClassToFetchDetails" name="fetchingPaymentDetails" time="0.250"/>
  <system-out/>
  <testcase classname="fetchPackage.ClassToFetchDetails" name="fetchingPaymentDetails" time="0.116"/>
  <system-out/>
  <testcase classname="fetchPackage.ClassToFetchDetails" name="fetchingPaymentDetails" time="0.141"/>
  <system-out/>
  <testcase classname="fetchPackage.ClassToFetchDetails" name="fetchingPaymentDetails" time="0.135"/>
  <system-out/>
  <testcase classname="fetchPackage.ClassToFetchDetails" name="fetchingPaymentDetails" time="0.132"/>
  <system-out/>
  <testcase classname="fetchPackage.ClassToFetchDetails" name="fetchingPaymentDetails" time="0.119"/>
  <system-out/>
  <testcase classname="fetchPackage.ClassToFetchDetails" name="fetchingPaymentDetails" time="0.102"/>
  <system-out/>
  <testcase classname="fetchPackage.ClassToFetchDetails" name="fetchingPaymentDetails" time="0.136"/>
  <system-out/>
  <testcase classname="fetchPackage.ClassToFetchDetails" name="fetchingPaymentDetails" time="0.157"/>
  <system-out/>
  <testcase classname="fetchPackage.ClassToFetchDetails" name="fetchingPaymentDetails" time="0.108"/>
  <system-out/>
  <testcase classname="fetchPackage.ClassToFetchDetails" name="fetchingPaymentDetails" time="0.171"/>
  <system-out/>
  <testcase classname="fetchPackage.ClassToFetchDetails" name="fetchingPaymentDetails" time="0.157"/>
  <system-out/>
  <testcase classname="fetchPackage.ClassToFetchDetails" name="fetchingPaymentDetails" time="0.143"/>
  <system-out/>
  <testcase classname="fetchPackage.ClassToFetchDetails" name="fetchingPaymentDetails" time="0.127"/>
  <system-out/>
  <testcase classname="fetchPackage.ClassToFetchDetails" name="fetchingPaymentDetails" time="0.093"/>
  <system-out/>
  <testcase classname="fetchPackage.ClassToFetchDetails" name="fetchingPaymentDetails" time="0.101"/>
  <system-out/>
  <testcase classname="fetchPackage.ClassToFetchDetails" name="fetchingPaymentDetails" time="0.104"/>
  <system-out/>
  <testcase classname="fetchPackage.ClassToFetchDetails" name="fetchingPaymentDetails" time="0.107"/>
  <system-out/>
  <testcase classname="fetchPackage.ClassToFetchDetails" name="fetchingPaymentDetails" time="0.097"/>
  <system-out/>
  <testcase classname="fetchPackage.ClassToFetchDetails" name="fetchingPaymentDetails" time="0.117"/>
  <system-out/>
  <testcase classname="fetchPackage.ClassToFetchDetails" name="fetchingPaymentDetails" time="0.101"/>
  <system-out/>
  <testcase classname="fetchPackage.ClassToFetchDetails" name="fetchingPaymentDetails" time="0.109"/>
  <system-out/>
  <testcase classname="fetchPackage.ClassToFetchDetails" name="fetchingPaymentDetails" time="0.112"/>
  <system-out/>
  <testcase classname="fetchPackage.ClassToFetchDetails" name="fetchingPaymentDetails" time="0.139"/>
  <system-out/>
  <testcase classname="fetchPackage.ClassToFetchDetails" name="fetchingPaymentDetails" time="0.154"/>
  <system-out/>
  <testcase classname="fetchPackage.ClassToFetchDetails" name="fetchingPaymentDetails" time="0.088"/>
  <system-out/>
  <testcase classname="fetchPackage.ClassToFetchDetails" name="fetchingPaymentDetails" time="0.174"/>
  <system-out/>
  <testcase classname="fetchPackage.ClassToFetchDetails" name="fetchingPaymentDetails" time="0.194"/>
  <system-out/>
  <testcase classname="fetchPackage.ClassToFetchDetails" name="fetchingPaymentDetails" time="0.102"/>
  <system-out/>
  <testcase classname="fetchPackage.ClassToFetchDetails" name="fetchingPaymentDetails" time="0.147"/>
  <system-out/>
  <testcase classname="fetchPackage.ClassToFetchDetails" name="fetchingPaymentDetails" time="0.180"/>
  <system-out/>
  <testcase classname="fetchPackage.ClassToFetchDetails" name="fetchingPaymentDetails" time="0.094"/>
  <system-out/>
  <testcase classname="fetchPackage.ClassToFetchDetails" name="fetchingPaymentDetails" time="0.102"/>
  <system-out/>
  <testcase classname="fetchPackage.ClassToFetchDetails" name="fetchingPaymentDetails" time="0.101"/>
  <system-out/>
  <testcase classname="fetchPackage.ClassToFetchDetails" name="fetchingPaymentDetails" time="0.122"/>
  <system-out/>
  <testcase classname="fetchPackage.ClassToFetchDetails" name="fetchingPaymentDetails" time="0.098"/>
  <system-out/>
  <testcase classname="fetchPackage.ClassToFetchDetails" name="fetchingPaymentDetails" time="0.133"/>
  <system-out/>
  <testcase classname="fetchPackage.ClassToFetchDetails" name="fetchingPaymentDetails" time="0.197"/>
  <system-out/>
  <testcase classname="fetchPackage.ClassToFetchDetails" name="fetchingPaymentDetails" time="0.126"/>
  <system-out/>
  <testcase classname="fetchPackage.ClassToFetchDetails" name="fetchingPaymentDetails" time="0.100"/>
  <system-out/>
  <testcase classname="fetchPackage.ClassToFetchDetails" name="fetchingPaymentDetails" time="0.180"/>
  <system-out/>
  <testcase classname="fetchPackage.ClassToFetchDetails" name="fetchingPaymentDetails" time="0.154"/>
  <system-out/>
  <testcase classname="fetchPackage.ClassToFetchDetails" name="fetchingPaymentDetails" time="0.230"/>
  <system-out/>
  <testcase classname="fetchPackage.ClassToFetchDetails" name="fetchingPaymentDetails" time="0.105"/>
  <system-out/>
  <testcase classname="fetchPackage.ClassToFetchDetails" name="fetchingPaymentDetails" time="0.086"/>
  <system-out/>
  <testcase classname="fetchPackage.ClassToFetchDetails" name="fetchingPaymentDetails" time="0.095"/>
  <system-out/>
  <testcase classname="fetchPackage.ClassToFetchDetails" name="fetchingPaymentDetails" time="0.101"/>
  <system-out/>
  <testcase classname="fetchPackage.ClassToFetchDetails" name="fetchingPaymentDetails" time="0.110"/>
  <system-out/>
  <testcase classname="fetchPackage.ClassToFetchDetails" name="fetchingPaymentDetails" time="0.107"/>
  <system-out/>
  <testcase classname="fetchPackage.ClassToFetchDetails" name="fetchingPaymentDetails" time="0.114"/>
  <system-out/>
  <testcase classname="fetchPackage.ClassToFetchDetails" name="fetchingPaymentDetails" time="0.205"/>
  <system-out/>
  <testcase classname="fetchPackage.ClassToFetchDetails" name="fetchingPaymentDetails" time="0.138"/>
  <system-out/>
  <testcase classname="fetchPackage.ClassToFetchDetails" name="fetchingPaymentDetails" time="0.151"/>
  <system-out/>
  <testcase classname="fetchPackage.ClassToFetchDetails" name="fetchingPaymentDetails" time="0.095"/>
  <system-out/>
  <testcase classname="fetchPackage.ClassToFetchDetails" name="fetchingPaymentDetails" time="0.105"/>
  <system-out/>
  <testcase classname="fetchPackage.ClassToFetchDetails" name="fetchingPaymentDetails" time="0.103"/>
  <system-out/>
  <testcase classname="fetchPackage.ClassToFetchDetails" name="fetchingPaymentDetails" time="0.119"/>
  <system-out/>
  <testcase classname="fetchPackage.ClassToFetchDetails" name="fetchingPaymentDetails" time="0.203"/>
  <system-out/>
  <testcase classname="fetchPackage.ClassToFetchDetails" name="fetchingPaymentDetails" time="0.140"/>
  <system-out/>
  <testcase classname="fetchPackage.ClassToFetchDetails" name="fetchingPaymentDetails" time="0.195"/>
  <system-out/>
  <testcase classname="fetchPackage.ClassToFetchDetails" name="fetchingPaymentDetails" time="0.087"/>
  <system-out/>
  <testcase classname="fetchPackage.ClassToFetchDetails" name="fetchingPaymentDetails" time="0.286"/>
  <system-out/>
  <testcase classname="fetchPackage.ClassToFetchDetails" name="fetchingPaymentDetails" time="0.212"/>
  <system-out/>
  <testcase classname="fetchPackage.ClassToFetchDetails" name="fetchingPaymentDetails" time="0.124"/>
  <system-out/>
  <testcase classname="fetchPackage.ClassToFetchDetails" name="fetchingPaymentDetails" time="0.123"/>
  <system-out/>
  <testcase classname="fetchPackage.ClassToFetchDetails" name="fetchingPaymentDetails" time="0.093"/>
  <system-out/>
  <testcase classname="fetchPackage.ClassToFetchDetails" name="fetchingPaymentDetails" time="0.116"/>
  <system-out/>
  <testcase classname="fetchPackage.ClassToFetchDetails" name="fetchingPaymentDetails" time="0.133"/>
  <system-out/>
  <testcase classname="fetchPackage.ClassToFetchDetails" name="fetchingPaymentDetails" time="0.158"/>
  <system-out/>
  <testcase classname="fetchPackage.ClassToFetchDetails" name="fetchingPaymentDetails" time="0.323"/>
  <system-out/>
  <testcase classname="fetchPackage.ClassToFetchDetails" name="fetchingPaymentDetails" time="0.095"/>
  <system-out/>
  <testcase classname="fetchPackage.ClassToFetchDetails" name="fetchingPaymentDetails" time="0.108"/>
  <system-out/>
  <testcase classname="fetchPackage.ClassToFetchDetails" name="fetchingPaymentDetails" time="0.132"/>
  <system-out/>
  <testcase classname="fetchPackage.ClassToFetchDetails" name="fetchingPaymentDetails" time="0.186"/>
  <system-out/>
  <testcase classname="fetchPackage.ClassToFetchDetails" name="fetchingPaymentDetails" time="0.117"/>
  <system-out/>
  <testcase classname="fetchPackage.ClassToFetchDetails" name="fetchingPaymentDetails" time="0.092"/>
  <system-out/>
  <testcase classname="fetchPackage.ClassToFetchDetails" name="fetchingPaymentDetails" time="0.095"/>
  <system-out/>
  <testcase classname="fetchPackage.ClassToFetchDetails" name="fetchingPaymentDetails" time="0.092"/>
  <system-out/>
  <testcase classname="fetchPackage.ClassToFetchDetails" name="fetchingPaymentDetails" time="0.082"/>
  <system-out/>
  <testcase classname="fetchPackage.ClassToFetchDetails" name="fetchingPaymentDetails" time="0.209"/>
  <system-out/>
  <testcase classname="fetchPackage.ClassToFetchDetails" name="fetchingPaymentDetails" time="0.126"/>
  <system-out/>
  <testcase classname="fetchPackage.ClassToFetchDetails" name="fetchingPaymentDetails" time="0.188"/>
  <system-out/>
  <testcase classname="fetchPackage.ClassToFetchDetails" name="fetchingPaymentDetails" time="0.122"/>
  <system-out/>
  <testcase classname="fetchPackage.ClassToFetchDetails" name="fetchingPaymentDetails" time="0.175"/>
  <system-out/>
  <testcase classname="fetchPackage.ClassToFetchDetails" name="fetchingPaymentDetails" time="0.108"/>
  <system-out/>
  <testcase classname="fetchPackage.ClassToFetchDetails" name="fetchingPaymentDetails" time="0.116"/>
  <system-out/>
  <testcase classname="fetchPackage.ClassToFetchDetails" name="fetchingPaymentDetails" time="0.117"/>
  <system-out/>
  <testcase classname="fetchPackage.ClassToFetchDetails" name="fetchingPaymentDetails" time="0.110"/>
  <system-out/>
  <testcase classname="fetchPackage.ClassToFetchDetails" name="fetchingPaymentDetails" time="0.087"/>
  <system-out/>
  <testcase classname="fetchPackage.ClassToFetchDetails" name="fetchingPaymentDetails" time="0.109"/>
  <system-out/>
  <testcase classname="fetchPackage.ClassToFetchDetails" name="fetchingPaymentDetails" time="0.135"/>
  <system-out/>
  <testcase classname="fetchPackage.ClassToFetchDetails" name="fetchingPaymentDetails" time="0.116"/>
  <system-out/>
  <testcase classname="fetchPackage.ClassToFetchDetails" name="fetchingPaymentDetails" time="0.108"/>
  <system-out/>
  <testcase classname="fetchPackage.ClassToFetchDetails" name="fetchingPaymentDetails" time="0.094"/>
  <system-out/>
  <testcase classname="fetchPackage.ClassToFetchDetails" name="fetchingPaymentDetails" time="0.266"/>
  <system-out/>
  <testcase classname="fetchPackage.ClassToFetchDetails" name="fetchingPaymentDetails" time="0.127"/>
  <system-out/>
  <testcase classname="fetchPackage.ClassToFetchDetails" name="fetchingPaymentDetails" time="0.165"/>
  <system-out/>
  <testcase classname="fetchPackage.ClassToFetchDetails" name="fetchingPaymentDetails" time="0.142"/>
  <system-out/>
  <testcase classname="fetchPackage.ClassToFetchDetails" name="fetchingPaymentDetails" time="0.170"/>
  <system-out/>
  <testcase classname="fetchPackage.ClassToFetchDetails" name="fetchingPaymentDetails" time="0.120"/>
  <system-out/>
  <testcase classname="fetchPackage.ClassToFetchDetails" name="fetchingPaymentDetails" time="0.101"/>
  <system-out/>
  <testcase classname="fetchPackage.ClassToFetchDetails" name="fetchingPaymentDetails" time="0.123"/>
  <system-out/>
  <testcase classname="fetchPackage.ClassToFetchDetails" name="fetchingPaymentDetails" time="0.100"/>
  <system-out/>
  <testcase classname="fetchPackage.ClassToFetchDetails" name="fetchingPaymentDetails" time="0.116"/>
  <system-out/>
  <testcase classname="fetchPackage.ClassToFetchDetails" name="fetchingPaymentDetails" time="0.109"/>
  <system-out/>
  <testcase classname="fetchPackage.ClassToFetchDetails" name="fetchingPaymentDetails" time="0.174"/>
  <system-out/>
  <testcase classname="fetchPackage.ClassToFetchDetails" name="fetchingPaymentDetails" time="0.138"/>
  <system-out/>
  <testcase classname="fetchPackage.ClassToFetchDetails" name="fetchingPaymentDetails" time="0.109"/>
  <system-out/>
  <testcase classname="fetchPackage.ClassToFetchDetails" name="fetchingPaymentDetails" time="0.093"/>
  <system-out/>
  <testcase classname="fetchPackage.ClassToFetchDetails" name="fetchingPaymentDetails" time="0.112"/>
  <system-out/>
  <testcase classname="fetchPackage.ClassToFetchDetails" name="fetchingPaymentDetails" time="0.128"/>
  <system-out/>
  <testcase classname="fetchPackage.ClassToFetchDetails" name="fetchingPaymentDetails" time="0.114"/>
  <system-out/>
  <testcase classname="fetchPackage.ClassToFetchDetails" name="fetchingPaymentDetails" time="0.192"/>
  <system-out/>
  <testcase classname="fetchPackage.ClassToFetchDetails" name="fetchingPaymentDetails" time="0.107"/>
  <system-out/>
  <testcase classname="fetchPackage.ClassToFetchDetails" name="fetchingPaymentDetails" time="0.099"/>
  <system-out/>
  <testcase classname="fetchPackage.ClassToFetchDetails" name="fetchingPaymentDetails" time="0.128"/>
  <system-out/>
  <testcase classname="fetchPackage.ClassToFetchDetails" name="fetchingPaymentDetails" time="0.109"/>
  <system-out/>
  <testcase classname="fetchPackage.ClassToFetchDetails" name="fetchingPaymentDetails" time="0.173"/>
  <system-out/>
  <testcase classname="fetchPackage.ClassToFetchDetails" name="fetchingPaymentDetails" time="0.155"/>
  <system-out/>
  <testcase classname="fetchPackage.ClassToFetchDetails" name="fetchingPaymentDetails" time="0.132"/>
  <system-out/>
  <testcase classname="fetchPackage.ClassToFetchDetails" name="fetchingPaymentDetails" time="0.095"/>
  <system-out/>
  <testcase classname="fetchPackage.ClassToFetchDetails" name="fetchingPaymentDetails" time="0.134"/>
  <system-out/>
  <testcase classname="fetchPackage.ClassToFetchDetails" name="fetchingPaymentDetails" time="0.179"/>
  <system-out/>
  <testcase classname="fetchPackage.ClassToFetchDetails" name="fetchingPaymentDetails" time="0.117"/>
  <system-out/>
  <testcase classname="fetchPackage.ClassToFetchDetails" name="fetchingPaymentDetails" time="0.096"/>
  <system-out/>
  <testcase classname="fetchPackage.ClassToFetchDetails" name="fetchingPaymentDetails" time="0.100"/>
  <system-out/>
  <testcase classname="fetchPackage.ClassToFetchDetails" name="fetchingPaymentDetails" time="0.271"/>
  <system-out/>
  <testcase classname="fetchPackage.ClassToFetchDetails" name="fetchingPaymentDetails" time="0.090"/>
  <system-out/>
  <testcase classname="fetchPackage.ClassToFetchDetails" name="fetchingPaymentDetails" time="0.101"/>
  <system-out/>
  <testcase classname="fetchPackage.ClassToFetchDetails" name="fetchingPaymentDetails" time="0.081"/>
  <system-out/>
  <testcase classname="fetchPackage.ClassToFetchDetails" name="fetchingPaymentDetails" time="0.091"/>
  <system-out/>
  <testcase classname="fetchPackage.ClassToFetchDetails" name="fetchingPaymentDetails" time="0.124"/>
  <system-out/>
  <testcase classname="fetchPackage.ClassToFetchDetails" name="fetchingPaymentDetails" time="0.105"/>
  <system-out/>
  <testcase classname="fetchPackage.ClassToFetchDetails" name="fetchingPaymentDetails" time="0.123"/>
  <system-out/>
  <testcase classname="fetchPackage.ClassToFetchDetails" name="fetchingPaymentDetails" time="0.159"/>
  <system-out/>
  <testcase classname="fetchPackage.ClassToFetchDetails" name="fetchingPaymentDetails" time="0.178"/>
  <system-out/>
  <testcase classname="fetchPackage.ClassToFetchDetails" name="fetchingPaymentDetails" time="0.086"/>
  <system-out/>
  <testcase classname="fetchPackage.ClassToFetchDetails" name="fetchingPaymentDetails" time="0.086"/>
  <system-out/>
  <testcase classname="fetchPackage.ClassToFetchDetails" name="fetchingPaymentDetails" time="0.192"/>
  <system-out/>
  <testcase classname="fetchPackage.ClassToFetchDetails" name="fetchingPaymentDetails" time="0.187"/>
  <system-out/>
  <testcase classname="fetchPackage.ClassToFetchDetails" name="fetchingPaymentDetails" time="0.082"/>
  <system-out/>
  <testcase classname="fetchPackage.ClassToFetchDetails" name="fetchingPaymentDetails" time="0.159"/>
  <system-out/>
  <testcase classname="fetchPackage.ClassToFetchDetails" name="fetchingPaymentDetails" time="0.101"/>
  <system-out/>
  <testcase classname="fetchPackage.ClassToFetchDetails" name="fetchingPaymentDetails" time="0.306"/>
  <system-out/>
  <testcase classname="fetchPackage.ClassToFetchDetails" name="fetchingPaymentDetails" time="0.104"/>
  <system-out/>
  <testcase classname="fetchPackage.ClassToFetchDetails" name="fetchingPaymentDetails" time="0.124"/>
  <system-out/>
  <testcase classname="fetchPackage.ClassToFetchDetails" name="fetchingPaymentDetails" time="0.108"/>
  <system-out/>
  <testcase classname="fetchPackage.ClassToFetchDetails" name="fetchingPaymentDetails" time="0.104"/>
  <system-out/>
  <testcase classname="fetchPackage.ClassToFetchDetails" name="fetchingPaymentDetails" time="0.126"/>
  <system-out/>
  <testcase classname="fetchPackage.ClassToFetchDetails" name="fetchingPaymentDetails" time="0.153"/>
  <system-out/>
  <testcase classname="fetchPackage.ClassToFetchDetails" name="fetchingPaymentDetails" time="0.121"/>
  <system-out/>
  <testcase classname="fetchPackage.ClassToFetchDetails" name="fetchingPaymentDetails" time="0.101"/>
  <system-out/>
  <testcase classname="fetchPackage.ClassToFetchDetails" name="fetchingPaymentDetails" time="0.204"/>
  <system-out/>
  <testcase classname="fetchPackage.ClassToFetchDetails" name="fetchingPaymentDetails" time="0.108"/>
  <system-out/>
  <testcase classname="fetchPackage.ClassToFetchDetails" name="fetchingPaymentDetails" time="0.093"/>
  <system-out/>
  <testcase classname="fetchPackage.ClassToFetchDetails" name="fetchingPaymentDetails" time="0.114"/>
  <system-out/>
  <testcase classname="fetchPackage.ClassToFetchDetails" name="fetchingPaymentDetails" time="0.141"/>
  <system-out/>
  <testcase classname="fetchPackage.ClassToFetchDetails" name="fetchingPaymentDetails" time="0.125"/>
  <system-out/>
  <testcase classname="fetchPackage.ClassToFetchDetails" name="fetchingPaymentDetails" time="0.096"/>
  <system-out/>
  <testcase classname="fetchPackage.ClassToFetchDetails" name="fetchingPaymentDetails" time="0.094"/>
  <system-out/>
  <testcase classname="fetchPackage.ClassToFetchDetails" name="fetchingPaymentDetails" time="0.211"/>
  <system-out/>
  <testcase classname="fetchPackage.ClassToFetchDetails" name="fetchingPaymentDetails" time="0.113"/>
  <system-out/>
  <testcase classname="fetchPackage.ClassToFetchDetails" name="fetchingPaymentDetails" time="0.139"/>
  <system-out/>
  <testcase classname="fetchPackage.ClassToFetchDetails" name="fetchingPaymentDetails" time="0.122"/>
  <system-out/>
  <testcase classname="fetchPackage.ClassToFetchDetails" name="fetchingPaymentDetails" time="0.093"/>
  <system-out/>
  <testcase classname="fetchPackage.ClassToFetchDetails" name="fetchingPaymentDetails" time="0.115"/>
  <system-out/>
  <testcase classname="fetchPackage.ClassToFetchDetails" name="fetchingPaymentDetails" time="0.147"/>
  <system-out/>
  <testcase classname="fetchPackage.ClassToFetchDetails" name="fetchingPaymentDetails" time="0.220"/>
  <system-out/>
  <testcase classname="fetchPackage.ClassToFetchDetails" name="fetchingPaymentDetails" time="0.124"/>
  <system-out/>
  <testcase classname="fetchPackage.ClassToFetchDetails" name="fetchingPaymentDetails" time="0.130"/>
  <system-out/>
  <testcase classname="fetchPackage.ClassToFetchDetails" name="fetchingPaymentDetails" time="0.196"/>
  <system-out/>
  <testcase classname="fetchPackage.ClassToFetchDetails" name="fetchingPaymentDetails" time="0.123"/>
  <system-out/>
  <testcase classname="fetchPackage.ClassToFetchDetails" name="fetchingPaymentDetails" time="0.171"/>
  <system-out/>
  <testcase classname="fetchPackage.ClassToFetchDetails" name="fetchingPaymentDetails" time="0.117"/>
  <system-out/>
  <testcase classname="fetchPackage.ClassToFetchDetails" name="fetchingPaymentDetails" time="0.103"/>
  <system-out/>
  <testcase classname="fetchPackage.ClassToFetchDetails" name="fetchingPaymentDetails" time="0.100"/>
  <system-out/>
  <testcase classname="fetchPackage.ClassToFetchDetails" name="fetchingPaymentDetails" time="0.135"/>
  <system-out/>
  <testcase classname="fetchPackage.ClassToFetchDetails" name="fetchingPaymentDetails" time="0.352"/>
  <system-out/>
  <testcase classname="fetchPackage.ClassToFetchDetails" name="fetchingPaymentDetails" time="0.186"/>
  <system-out/>
  <testcase classname="fetchPackage.ClassToFetchDetails" name="fetchingPaymentDetails" time="0.097"/>
  <system-out/>
  <testcase classname="fetchPackage.ClassToFetchDetails" name="fetchingPaymentDetails" time="0.093"/>
  <system-out/>
  <testcase classname="fetchPackage.ClassToFetchDetails" name="fetchingPaymentDetails" time="0.161"/>
  <system-out/>
  <testcase classname="fetchPackage.ClassToFetchDetails" name="fetchingPaymentDetails" time="0.149"/>
  <system-out/>
  <testcase classname="fetchPackage.ClassToFetchDetails" name="fetchingPaymentDetails" time="0.107"/>
  <system-out/>
  <testcase classname="fetchPackage.ClassToFetchDetails" name="fetchingPaymentDetails" time="0.212"/>
  <system-out/>
  <testcase classname="fetchPackage.ClassToFetchDetails" name="fetchingPaymentDetails" time="0.109"/>
  <system-out/>
  <testcase classname="fetchPackage.ClassToFetchDetails" name="fetchingPaymentDetails" time="0.178"/>
  <system-out/>
  <testcase classname="fetchPackage.ClassToFetchDetails" name="fetchingPaymentDetails" time="0.111"/>
  <system-out/>
  <testcase classname="fetchPackage.ClassToFetchDetails" name="fetchingPaymentDetails" time="0.097"/>
  <system-out/>
  <testcase classname="fetchPackage.ClassToFetchDetails" name="fetchingPaymentDetails" time="0.156"/>
  <system-out/>
  <testcase classname="fetchPackage.ClassToFetchDetails" name="fetchingPaymentDetails" time="0.106"/>
  <system-out/>
  <testcase classname="fetchPackage.ClassToFetchDetails" name="fetchingPaymentDetails" time="0.112"/>
  <system-out/>
  <testcase classname="fetchPackage.ClassToFetchDetails" name="fetchingPaymentDetails" time="0.149"/>
  <system-out/>
  <testcase classname="fetchPackage.ClassToFetchDetails" name="fetchingPaymentDetails" time="0.117"/>
  <system-out/>
  <testcase classname="fetchPackage.ClassToFetchDetails" name="fetchingPaymentDetails" time="0.119"/>
  <system-out/>
  <testcase classname="fetchPackage.ClassToFetchDetails" name="fetchingPaymentDetails" time="0.149"/>
  <system-out/>
  <testcase classname="fetchPackage.ClassToFetchDetails" name="fetchingPaymentDetails" time="0.160"/>
  <system-out/>
  <testcase classname="fetchPackage.ClassToFetchDetails" name="fetchingPaymentDetails" time="0.089"/>
  <system-out/>
  <testcase classname="fetchPackage.ClassToFetchDetails" name="fetchingPaymentDetails" time="0.109"/>
  <system-out/>
  <testcase classname="fetchPackage.ClassToFetchDetails" name="fetchingPaymentDetails" time="0.084"/>
  <system-out/>
  <testcase classname="fetchPackage.ClassToFetchDetails" name="fetchingPaymentDetails" time="0.107"/>
  <system-out/>
  <testcase classname="fetchPackage.ClassToFetchDetails" name="fetchingPaymentDetails" time="0.167"/>
  <system-out/>
  <testcase classname="fetchPackage.ClassToFetchDetails" name="fetchingPaymentDetails" time="0.107"/>
  <system-out/>
  <testcase classname="fetchPackage.ClassToFetchDetails" name="fetchingPaymentDetails" time="0.101"/>
  <system-out/>
  <testcase classname="fetchPackage.ClassToFetchDetails" name="fetchingPaymentDetails" time="0.165"/>
  <system-out/>
  <testcase classname="fetchPackage.ClassToFetchDetails" name="fetchingPaymentDetails" time="0.106"/>
  <system-out/>
  <testcase classname="fetchPackage.ClassToFetchDetails" name="fetchingPaymentDetails" time="0.126"/>
  <system-out/>
  <testcase classname="fetchPackage.ClassToFetchDetails" name="fetchingPaymentDetails" time="0.135"/>
  <system-out/>
  <testcase classname="fetchPackage.ClassToFetchDetails" name="fetchingPaymentDetails" time="0.180"/>
  <system-out/>
  <testcase classname="fetchPackage.ClassToFetchDetails" name="fetchingPaymentDetails" time="0.121"/>
  <system-out/>
  <testcase classname="fetchPackage.ClassToFetchDetails" name="fetchingPaymentDetails" time="0.095"/>
  <system-out/>
  <testcase classname="fetchPackage.ClassToFetchDetails" name="fetchingPaymentDetails" time="0.106"/>
  <system-out/>
  <testcase classname="fetchPackage.ClassToFetchDetails" name="fetchingPaymentDetails" time="0.113"/>
  <system-out/>
  <testcase classname="fetchPackage.ClassToFetchDetails" name="fetchingPaymentDetails" time="0.103"/>
  <system-out/>
  <testcase classname="fetchPackage.ClassToFetchDetails" name="fetchingPaymentDetails" time="0.106"/>
  <system-out/>
  <testcase classname="fetchPackage.ClassToFetchDetails" name="fetchingPaymentDetails" time="0.180"/>
  <system-out/>
  <testcase classname="fetchPackage.ClassToFetchDetails" name="fetchingPaymentDetails" time="0.176"/>
  <system-out/>
  <testcase classname="fetchPackage.ClassToFetchDetails" name="fetchingPaymentDetails" time="0.132"/>
  <system-out/>
  <testcase classname="fetchPackage.ClassToFetchDetails" name="fetchingPaymentDetails" time="0.186"/>
  <system-out/>
  <testcase classname="fetchPackage.ClassToFetchDetails" name="fetchingPaymentDetails" time="0.213"/>
  <system-out/>
  <testcase classname="fetchPackage.ClassToFetchDetails" name="fetchingPaymentDetails" time="0.128"/>
  <system-out/>
  <testcase classname="fetchPackage.ClassToFetchDetails" name="fetchingPaymentDetails" time="0.095"/>
  <system-out/>
  <testcase classname="fetchPackage.ClassToFetchDetails" name="fetchingPaymentDetails" time="0.127"/>
  <system-out/>
  <testcase classname="fetchPackage.ClassToFetchDetails" name="fetchingPaymentDetails" time="0.103"/>
  <system-out/>
  <testcase classname="fetchPackage.ClassToFetchDetails" name="fetchingPaymentDetails" time="0.138"/>
  <system-out/>
  <testcase classname="fetchPackage.ClassToFetchDetails" name="fetchingPaymentDetails" time="0.195"/>
  <system-out/>
  <testcase classname="fetchPackage.ClassToFetchDetails" name="fetchingPaymentDetails" time="0.131"/>
  <system-out/>
  <testcase classname="fetchPackage.ClassToFetchDetails" name="fetchingPaymentDetails" time="0.107"/>
  <system-out/>
  <testcase classname="fetchPackage.ClassToFetchDetails" name="fetchingPaymentDetails" time="0.148"/>
  <system-out/>
  <testcase classname="fetchPackage.ClassToFetchDetails" name="fetchingPaymentDetails" time="0.137"/>
  <system-out/>
  <testcase classname="fetchPackage.ClassToFetchDetails" name="fetchingPaymentDetails" time="0.148"/>
  <system-out/>
  <testcase classname="fetchPackage.ClassToFetchDetails" name="fetchingPaymentDetails" time="0.137"/>
  <system-out/>
  <testcase classname="fetchPackage.ClassToFetchDetails" name="fetchingPaymentDetails" time="0.173"/>
  <system-out/>
  <testcase classname="fetchPackage.ClassToFetchDetails" name="fetchingPaymentDetails" time="0.098"/>
  <system-out/>
  <testcase classname="fetchPackage.ClassToFetchDetails" name="fetchingPaymentDetails" time="0.083"/>
  <system-out/>
  <testcase classname="fetchPackage.ClassToFetchDetails" name="fetchingPaymentDetails" time="0.133"/>
  <system-out/>
  <testcase classname="fetchPackage.ClassToFetchDetails" name="fetchingPaymentDetails" time="0.147"/>
  <system-out/>
  <testcase classname="fetchPackage.ClassToFetchDetails" name="fetchingPaymentDetails" time="0.143"/>
  <system-out/>
  <testcase classname="fetchPackage.ClassToFetchDetails" name="fetchingPaymentDetails" time="0.110"/>
  <system-out/>
  <testcase classname="fetchPackage.ClassToFetchDetails" name="fetchingPaymentDetails" time="0.126"/>
  <system-out/>
  <testcase classname="fetchPackage.ClassToFetchDetails" name="fetchingPaymentDetails" time="0.203"/>
  <system-out/>
  <testcase classname="fetchPackage.ClassToFetchDetails" name="fetchingPaymentDetails" time="0.133"/>
  <system-out/>
  <testcase classname="fetchPackage.ClassToFetchDetails" name="fetchingPaymentDetails" time="0.089"/>
  <system-out/>
  <testcase classname="fetchPackage.ClassToFetchDetails" name="fetchingPaymentDetails" time="0.167"/>
  <system-out/>
  <testcase classname="fetchPackage.ClassToFetchDetails" name="fetchingPaymentDetails" time="0.085"/>
  <system-out/>
  <testcase classname="fetchPackage.ClassToFetchDetails" name="fetchingPaymentDetails" time="0.127"/>
  <system-out/>
  <testcase classname="fetchPackage.ClassToFetchDetails" name="fetchingPaymentDetails" time="0.149"/>
  <system-out/>
  <testcase classname="fetchPackage.ClassToFetchDetails" name="fetchingPaymentDetails" time="0.114"/>
  <system-out/>
  <testcase classname="fetchPackage.ClassToFetchDetails" name="fetchingPaymentDetails" time="0.103"/>
  <system-out/>
  <testcase classname="fetchPackage.ClassToFetchDetails" name="fetchingPaymentDetails" time="0.148"/>
  <system-out/>
  <testcase classname="fetchPackage.ClassToFetchDetails" name="fetchingPaymentDetails" time="0.090"/>
  <system-out/>
  <testcase classname="fetchPackage.ClassToFetchDetails" name="fetchingPaymentDetails" time="0.122"/>
  <system-out/>
  <testcase classname="fetchPackage.ClassToFetchDetails" name="fetchingPaymentDetails" time="0.154"/>
  <system-out/>
  <testcase classname="fetchPackage.ClassToFetchDetails" name="fetchingPaymentDetails" time="0.118"/>
  <system-out/>
  <testcase classname="fetchPackage.ClassToFetchDetails" name="fetchingPaymentDetails" time="0.117"/>
  <system-out/>
  <testcase classname="fetchPackage.ClassToFetchDetails" name="fetchingPaymentDetails" time="0.155"/>
  <system-out/>
  <testcase classname="fetchPackage.ClassToFetchDetails" name="fetchingPaymentDetails" time="0.132"/>
  <system-out/>
  <testcase classname="fetchPackage.ClassToFetchDetails" name="fetchingPaymentDetails" time="0.214"/>
  <system-out/>
  <testcase classname="fetchPackage.ClassToFetchDetails" name="fetchingPaymentDetails" time="0.149"/>
  <system-out/>
  <testcase classname="fetchPackage.ClassToFetchDetails" name="fetchingPaymentDetails" time="0.163"/>
  <system-out/>
  <testcase classname="fetchPackage.ClassToFetchDetails" name="fetchingPaymentDetails" time="0.129"/>
  <system-out/>
  <testcase classname="fetchPackage.ClassToFetchDetails" name="fetchingPaymentDetails" time="0.131"/>
  <system-out/>
  <testcase classname="fetchPackage.ClassToFetchDetails" name="fetchingPaymentDetails" time="0.205"/>
  <system-out/>
  <testcase classname="fetchPackage.ClassToFetchDetails" name="fetchingPaymentDetails" time="0.191"/>
  <system-out/>
  <testcase classname="fetchPackage.ClassToFetchDetails" name="fetchingPaymentDetails" time="0.129"/>
  <system-out/>
  <testcase classname="fetchPackage.ClassToFetchDetails" name="fetchingPaymentDetails" time="0.122"/>
  <system-out/>
  <testcase classname="fetchPackage.ClassToFetchDetails" name="fetchingPaymentDetails" time="0.167"/>
  <system-out/>
  <testcase classname="fetchPackage.ClassToFetchDetails" name="fetchingPaymentDetails" time="0.127"/>
  <system-out/>
  <testcase classname="fetchPackage.ClassToFetchDetails" name="fetchingPaymentDetails" time="0.136"/>
  <system-out/>
  <testcase classname="fetchPackage.ClassToFetchDetails" name="fetchingPaymentDetails" time="0.154"/>
  <system-out/>
  <testcase classname="fetchPackage.ClassToFetchDetails" name="fetchingPaymentDetails" time="0.127"/>
  <system-out/>
  <testcase classname="fetchPackage.ClassToFetchDetails" name="fetchingPaymentDetails" time="0.107"/>
  <system-out/>
  <testcase classname="fetchPackage.ClassToFetchDetails" name="fetchingPaymentDetails" time="0.127"/>
  <system-out/>
  <testcase classname="fetchPackage.ClassToFetchDetails" name="fetchingPaymentDetails" time="0.177"/>
  <system-out/>
  <testcase classname="fetchPackage.ClassToFetchDetails" name="fetchingPaymentDetails" time="0.128"/>
  <system-out/>
  <testcase classname="fetchPackage.ClassToFetchDetails" name="fetchingPaymentDetails" time="0.105"/>
  <system-out/>
  <testcase classname="fetchPackage.ClassToFetchDetails" name="fetchingPaymentDetails" time="0.118"/>
  <system-out/>
  <testcase classname="fetchPackage.ClassToFetchDetails" name="fetchingPaymentDetails" time="0.109"/>
  <system-out/>
  <testcase classname="fetchPackage.ClassToFetchDetails" name="fetchingPaymentDetails" time="0.158"/>
  <system-out/>
  <testcase classname="fetchPackage.ClassToFetchDetails" name="fetchingPaymentDetails" time="0.126"/>
  <system-out/>
  <testcase classname="fetchPackage.ClassToFetchDetails" name="fetchingPaymentDetails" time="0.130"/>
  <system-out/>
  <testcase classname="fetchPackage.ClassToFetchDetails" name="fetchingPaymentDetails" time="0.147"/>
  <system-out/>
  <testcase classname="fetchPackage.ClassToFetchDetails" name="fetchingPaymentDetails" time="0.123"/>
  <system-out/>
  <testcase classname="fetchPackage.ClassToFetchDetails" name="fetchingPaymentDetails" time="0.178"/>
  <system-out/>
  <testcase classname="fetchPackage.ClassToFetchDetails" name="fetchingPaymentDetails" time="0.177"/>
  <system-out/>
  <testcase classname="fetchPackage.ClassToFetchDetails" name="fetchingPaymentDetails" time="0.147"/>
  <system-out/>
  <testcase classname="fetchPackage.ClassToFetchDetails" name="fetchingPaymentDetails" time="0.194"/>
  <system-out/>
  <testcase classname="fetchPackage.ClassToFetchDetails" name="fetchingPaymentDetails" time="0.103"/>
  <system-out/>
  <testcase classname="fetchPackage.ClassToFetchDetails" name="fetchingPaymentDetails" time="0.116"/>
  <system-out/>
  <testcase classname="fetchPackage.ClassToFetchDetails" name="fetchingPaymentDetails" time="0.116"/>
  <system-out/>
  <testcase classname="fetchPackage.ClassToFetchDetails" name="fetchingPaymentDetails" time="0.115"/>
  <system-out/>
  <testcase classname="fetchPackage.ClassToFetchDetails" name="fetchingPaymentDetails" time="0.098"/>
  <system-out/>
  <testcase classname="fetchPackage.ClassToFetchDetails" name="fetchingPaymentDetails" time="0.124"/>
  <system-out/>
  <testcase classname="fetchPackage.ClassToFetchDetails" name="fetchingPaymentDetails" time="0.189"/>
  <system-out/>
  <testcase classname="fetchPackage.ClassToFetchDetails" name="fetchingPaymentDetails" time="0.145"/>
  <system-out/>
  <testcase classname="fetchPackage.ClassToFetchDetails" name="fetchingPaymentDetails" time="0.154"/>
  <system-out/>
  <testcase classname="fetchPackage.ClassToFetchDetails" name="fetchingPaymentDetails" time="0.264"/>
  <system-out/>
  <testcase classname="fetchPackage.ClassToFetchDetails" name="fetchingPaymentDetails" time="0.193"/>
  <system-out/>
  <testcase classname="fetchPackage.ClassToFetchDetails" name="fetchingPaymentDetails" time="0.109"/>
  <system-out/>
  <testcase classname="fetchPackage.ClassToFetchDetails" name="fetchingPaymentDetails" time="0.096"/>
  <system-out/>
  <testcase classname="fetchPackage.ClassToFetchDetails" name="fetchingPaymentDetails" time="0.094"/>
  <system-out/>
  <testcase classname="fetchPackage.ClassToFetchDetails" name="fetchingPaymentDetails" time="0.090"/>
  <system-out/>
  <testcase classname="fetchPackage.ClassToFetchDetails" name="fetchingPaymentDetails" time="0.090"/>
  <system-out/>
  <testcase classname="fetchPackage.ClassToFetchDetails" name="fetchingPaymentDetails" time="0.180"/>
  <system-out/>
  <testcase classname="fetchPackage.ClassToFetchDetails" name="fetchingPaymentDetails" time="0.107"/>
  <system-out/>
  <testcase classname="fetchPackage.ClassToFetchDetails" name="fetchingPaymentDetails" time="0.105"/>
  <system-out/>
  <testcase classname="fetchPackage.ClassToFetchDetails" name="fetchingPaymentDetails" time="0.089"/>
  <system-out/>
  <testcase classname="fetchPackage.ClassToFetchDetails" name="fetchingPaymentDetails" time="0.090"/>
  <system-out/>
  <testcase classname="fetchPackage.ClassToFetchDetails" name="fetchingPaymentDetails" time="0.096"/>
  <system-out/>
  <testcase classname="fetchPackage.ClassToFetchDetails" name="fetchingPaymentDetails" time="0.181"/>
  <system-out/>
  <testcase classname="fetchPackage.ClassToFetchDetails" name="fetchingPaymentDetails" time="0.123"/>
  <system-out/>
  <testcase classname="fetchPackage.ClassToFetchDetails" name="fetchingPaymentDetails" time="0.101"/>
  <system-out/>
  <testcase classname="fetchPackage.ClassToFetchDetails" name="fetchingPaymentDetails" time="0.163"/>
  <system-out/>
  <testcase classname="fetchPackage.ClassToFetchDetails" name="fetchingPaymentDetails" time="0.101"/>
  <system-out/>
  <testcase classname="fetchPackage.ClassToFetchDetails" name="fetchingPaymentDetails" time="0.102"/>
  <system-out/>
  <testcase classname="fetchPackage.ClassToFetchDetails" name="fetchingPaymentDetails" time="0.169"/>
  <system-out/>
  <testcase classname="fetchPackage.ClassToFetchDetails" name="fetchingPaymentDetails" time="0.113"/>
  <system-out/>
  <testcase classname="fetchPackage.ClassToFetchDetails" name="fetchingPaymentDetails" time="0.133"/>
  <system-out/>
  <testcase classname="fetchPackage.ClassToFetchDetails" name="fetchingPaymentDetails" time="0.110"/>
  <system-out/>
  <testcase classname="fetchPackage.ClassToFetchDetails" name="fetchingPaymentDetails" time="0.128"/>
  <system-out/>
  <testcase classname="fetchPackage.ClassToFetchDetails" name="fetchingPaymentDetails" time="0.127"/>
  <system-out/>
  <testcase classname="fetchPackage.ClassToFetchDetails" name="fetchingPaymentDetails" time="0.129"/>
  <system-out/>
  <testcase classname="fetchPackage.ClassToFetchDetails" name="fetchingPaymentDetails" time="0.115"/>
  <system-out/>
  <testcase classname="fetchPackage.ClassToFetchDetails" name="fetchingPaymentDetails" time="0.126"/>
  <system-out/>
  <testcase classname="fetchPackage.ClassToFetchDetails" name="fetchingPaymentDetails" time="0.112"/>
  <system-out/>
  <testcase classname="fetchPackage.ClassToFetchDetails" name="fetchingPaymentDetails" time="0.111"/>
  <system-out/>
  <testcase classname="fetchPackage.ClassToFetchDetails" name="fetchingPaymentDetails" time="0.174"/>
  <system-out/>
  <testcase classname="fetchPackage.ClassToFetchDetails" name="fetchingPaymentDetails" time="0.087"/>
  <system-out/>
  <testcase classname="fetchPackage.ClassToFetchDetails" name="fetchingPaymentDetails" time="0.108"/>
  <system-out/>
  <testcase classname="fetchPackage.ClassToFetchDetails" name="fetchingPaymentDetails" time="0.173"/>
  <system-out/>
  <testcase classname="fetchPackage.ClassToFetchDetails" name="fetchingPaymentDetails" time="0.095"/>
  <system-out/>
  <testcase classname="fetchPackage.ClassToFetchDetails" name="fetchingPaymentDetails" time="0.157"/>
  <system-out/>
  <testcase classname="fetchPackage.ClassToFetchDetails" name="fetchingPaymentDetails" time="0.132"/>
  <system-out/>
  <testcase classname="fetchPackage.ClassToFetchDetails" name="fetchingPaymentDetails" time="0.120"/>
  <system-out/>
  <testcase classname="fetchPackage.ClassToFetchDetails" name="fetchingPaymentDetails" time="0.102"/>
  <system-out/>
  <testcase classname="fetchPackage.ClassToFetchDetails" name="fetchingPaymentDetails" time="0.145"/>
  <system-out/>
  <testcase classname="fetchPackage.ClassToFetchDetails" name="fetchingPaymentDetails" time="0.120"/>
  <system-out/>
  <testcase classname="fetchPackage.ClassToFetchDetails" name="fetchingPaymentDetails" time="0.107"/>
  <system-out/>
  <testcase classname="fetchPackage.ClassToFetchDetails" name="fetchingPaymentDetails" time="0.185"/>
  <system-out/>
  <testcase classname="fetchPackage.ClassToFetchDetails" name="fetchingPaymentDetails" time="0.111"/>
  <system-out/>
  <testcase classname="fetchPackage.ClassToFetchDetails" name="fetchingPaymentDetails" time="0.142"/>
  <system-out/>
  <testcase classname="fetchPackage.ClassToFetchDetails" name="fetchingPaymentDetails" time="0.129"/>
  <system-out/>
  <testcase classname="fetchPackage.ClassToFetchDetails" name="fetchingPaymentDetails" time="0.175"/>
  <system-out/>
  <testcase classname="fetchPackage.ClassToFetchDetails" name="fetchingPaymentDetails" time="0.093"/>
  <system-out/>
  <testcase classname="fetchPackage.ClassToFetchDetails" name="fetchingPaymentDetails" time="0.104"/>
  <system-out/>
  <testcase classname="fetchPackage.ClassToFetchDetails" name="fetchingPaymentDetails" time="0.129"/>
  <system-out/>
  <testcase classname="fetchPackage.ClassToFetchDetails" name="fetchingPaymentDetails" time="0.105"/>
  <system-out/>
  <testcase classname="fetchPackage.ClassToFetchDetails" name="fetchingPaymentDetails" time="0.111"/>
  <system-out/>
  <testcase classname="fetchPackage.ClassToFetchDetails" name="fetchingPaymentDetails" time="0.184"/>
  <system-out/>
  <testcase classname="fetchPackage.ClassToFetchDetails" name="fetchingPaymentDetails" time="0.164"/>
  <system-out/>
  <testcase classname="fetchPackage.ClassToFetchDetails" name="fetchingPaymentDetails" time="0.095"/>
  <system-out/>
  <testcase classname="fetchPackage.ClassToFetchDetails" name="fetchingPaymentDetails" time="0.128"/>
  <system-out/>
  <testcase classname="fetchPackage.ClassToFetchDetails" name="fetchingPaymentDetails" time="0.164"/>
  <system-out/>
  <testcase classname="fetchPackage.ClassToFetchDetails" name="fetchingPaymentDetails" time="0.115"/>
  <system-out/>
  <testcase classname="fetchPackage.ClassToFetchDetails" name="fetchingPaymentDetails" time="0.185"/>
  <system-out/>
  <testcase classname="fetchPackage.ClassToFetchDetails" name="fetchingPaymentDetails" time="0.123"/>
  <system-out/>
  <testcase classname="fetchPackage.ClassToFetchDetails" name="fetchingPaymentDetails" time="0.102"/>
  <system-out/>
  <testcase classname="fetchPackage.ClassToFetchDetails" name="fetchingPaymentDetails" time="0.243"/>
  <system-out/>
  <testcase classname="fetchPackage.ClassToFetchDetails" name="fetchingPaymentDetails" time="0.155"/>
  <system-out/>
  <testcase classname="fetchPackage.ClassToFetchDetails" name="fetchingPaymentDetails" time="0.103"/>
  <system-out/>
  <testcase classname="fetchPackage.ClassToFetchDetails" name="fetchingPaymentDetails" time="0.097"/>
  <system-out/>
  <testcase classname="fetchPackage.ClassToFetchDetails" name="fetchingPaymentDetails" time="0.088"/>
  <system-out/>
  <testcase classname="fetchPackage.ClassToFetchDetails" name="fetchingPaymentDetails" time="0.116"/>
  <system-out/>
  <testcase classname="fetchPackage.ClassToFetchDetails" name="fetchingPaymentDetails" time="0.080"/>
  <system-out/>
  <testcase classname="fetchPackage.ClassToFetchDetails" name="fetchingPaymentDetails" time="0.269"/>
  <system-out/>
  <testcase classname="fetchPackage.ClassToFetchDetails" name="fetchingPaymentDetails" time="0.113"/>
  <system-out/>
  <testcase classname="fetchPackage.ClassToFetchDetails" name="fetchingPaymentDetails" time="0.096"/>
  <system-out/>
  <testcase classname="fetchPackage.ClassToFetchDetails" name="fetchingPaymentDetails" time="0.097"/>
  <system-out/>
  <testcase classname="fetchPackage.ClassToFetchDetails" name="fetchingPaymentDetails" time="0.134"/>
  <system-out/>
  <testcase classname="fetchPackage.ClassToFetchDetails" name="fetchingPaymentDetails" time="0.194"/>
  <system-out/>
  <testcase classname="fetchPackage.ClassToFetchDetails" name="fetchingPaymentDetails" time="0.119"/>
  <system-out/>
  <testcase classname="fetchPackage.ClassToFetchDetails" name="fetchingPaymentDetails" time="0.229"/>
  <system-out/>
  <testcase classname="fetchPackage.ClassToFetchDetails" name="fetchingPaymentDetails" time="0.087"/>
  <system-out/>
  <testcase classname="fetchPackage.ClassToFetchDetails" name="fetchingPaymentDetails" time="0.106"/>
  <system-out/>
  <testcase classname="fetchPackage.ClassToFetchDetails" name="fetchingPaymentDetails" time="0.131"/>
  <system-out/>
  <testcase classname="fetchPackage.ClassToFetchDetails" name="fetchingPaymentDetails" time="0.130"/>
  <system-out/>
  <testcase classname="fetchPackage.ClassToFetchDetails" name="fetchingPaymentDetails" time="0.134"/>
  <system-out/>
  <testcase classname="fetchPackage.ClassToFetchDetails" name="fetchingPaymentDetails" time="0.126"/>
  <system-out/>
  <testcase classname="fetchPackage.ClassToFetchDetails" name="fetchingPaymentDetails" time="0.098"/>
  <system-out/>
  <testcase classname="fetchPackage.ClassToFetchDetails" name="fetchingPaymentDetails" time="0.119"/>
  <system-out/>
  <testcase classname="fetchPackage.ClassToFetchDetails" name="fetchingPaymentDetails" time="0.105"/>
  <system-out/>
  <testcase classname="fetchPackage.ClassToFetchDetails" name="fetchingPaymentDetails" time="0.117"/>
  <system-out/>
  <testcase classname="fetchPackage.ClassToFetchDetails" name="fetchingPaymentDetails" time="0.113"/>
  <system-out/>
  <testcase classname="fetchPackage.ClassToFetchDetails" name="fetchingPaymentDetails" time="0.143"/>
  <system-out/>
  <testcase classname="fetchPackage.ClassToFetchDetails" name="fetchingPaymentDetails" time="0.146"/>
  <system-out/>
  <testcase classname="fetchPackage.ClassToFetchDetails" name="fetchingPaymentDetails" time="0.136"/>
  <system-out/>
  <testcase classname="fetchPackage.ClassToFetchDetails" name="fetchingPaymentDetails" time="0.089"/>
  <system-out/>
  <testcase classname="fetchPackage.ClassToFetchDetails" name="fetchingPaymentDetails" time="0.120"/>
  <system-out/>
  <testcase classname="fetchPackage.ClassToFetchDetails" name="fetchingPaymentDetails" time="0.155"/>
  <system-out/>
  <testcase classname="fetchPackage.ClassToFetchDetails" name="fetchingPaymentDetails" time="0.110"/>
  <system-out/>
  <testcase classname="fetchPackage.ClassToFetchDetails" name="fetchingPaymentDetails" time="0.139"/>
  <system-out/>
  <testcase classname="fetchPackage.ClassToFetchDetails" name="fetchingPaymentDetails" time="0.092"/>
  <system-out/>
  <testcase classname="fetchPackage.ClassToFetchDetails" name="fetchingPaymentDetails" time="0.156"/>
  <system-out/>
  <testcase classname="fetchPackage.ClassToFetchDetails" name="fetchingPaymentDetails" time="0.108"/>
  <system-out/>
  <testcase classname="fetchPackage.ClassToFetchDetails" name="fetchingPaymentDetails" time="0.147"/>
  <system-out/>
  <testcase classname="fetchPackage.ClassToFetchDetails" name="fetchingPaymentDetails" time="0.102"/>
  <system-out/>
  <testcase classname="fetchPackage.ClassToFetchDetails" name="fetchingPaymentDetails" time="0.104"/>
  <system-out/>
  <testcase classname="fetchPackage.ClassToFetchDetails" name="fetchingPaymentDetails" time="0.148"/>
  <system-out/>
  <testcase classname="fetchPackage.ClassToFetchDetails" name="fetchingPaymentDetails" time="0.100"/>
  <system-out/>
  <testcase classname="fetchPackage.ClassToFetchDetails" name="fetchingPaymentDetails" time="0.129"/>
  <system-out/>
  <testcase classname="fetchPackage.ClassToFetchDetails" name="fetchingPaymentDetails" time="0.087"/>
  <system-out/>
  <testcase classname="fetchPackage.ClassToFetchDetails" name="fetchingPaymentDetails" time="0.127"/>
  <system-out/>
  <testcase classname="fetchPackage.ClassToFetchDetails" name="fetchingPaymentDetails" time="0.127"/>
  <system-out/>
  <testcase classname="fetchPackage.ClassToFetchDetails" name="fetchingPaymentDetails" time="0.152"/>
  <system-out/>
  <testcase classname="fetchPackage.ClassToFetchDetails" name="fetchingPaymentDetails" time="0.348"/>
  <system-out/>
</testsuite> <!-- fetchPackage.ClassToFetchDetails -->
