<?xml version="1.0" encoding="UTF-8"?>
<!-- Generated by org.testng.reporters.JUnitReportReporter -->
<testsuite hostname="DESKTOP-M5BRBN2" failures="0" tests="5" name="fetchPackage.FetchDetailsFromExcel" time="0.037" errors="0" timestamp="2023-11-20T12:31:59 IST" skipped="0">
  <testcase classname="fetchPackage.FetchDetailsFromExcel" name="letStest" time="0.005"/>
  <system-out/>
  <testcase classname="fetchPackage.FetchDetailsFromExcel" name="letStest" time="0.004"/>
  <system-out/>
  <testcase classname="fetchPackage.FetchDetailsFromExcel" name="letStest" time="0.007"/>
  <system-out/>
  <testcase classname="fetchPackage.FetchDetailsFromExcel" name="letStest" time="0.015"/>
  <system-out/>
  <testcase classname="fetchPackage.FetchDetailsFromExcel" name="letStest" time="0.006"/>
  <system-out/>
</testsuite> <!-- fetchPackage.FetchDetailsFromExcel -->
